Performing Curl Test HAVE_FSETXATTR_5 failed with the following output:
Change Dir: /Users/ramanlamba/Desktop/deribit/oems/out/build/GCC 14.2.0 aarch64-apple-darwin23/CMakeFiles/CMakeTmp

Run Build Command(s):/Users/ramanlamba/micromamba/lib/python3.9/site-packages/cmake/data/bin/cmake -E env VERBOSE=1 /usr/bin/make -f Makefile cmTC_fd4cc/fast && /Library/Developer/CommandLineTools/usr/bin/make  -f CMakeFiles/cmTC_fd4cc.dir/build.make CMakeFiles/cmTC_fd4cc.dir/build
Building C object CMakeFiles/cmTC_fd4cc.dir/CurlTests.c.o
/opt/homebrew/bin/aarch64-apple-darwin23-gcc-14   -W -Wall -pedantic -Wbad-function-cast -Wconversion -Winline -Wmissing-declarations -Wmissing-prototypes -Wnested-externs -Wno-long-long -Wno-multichar -Wpointer-arith -Wshadow -Wsign-compare -Wundef -Wunused -Wwrite-strings -Wcast-align -Wdeclaration-after-statement -Wempty-body -Wendif-labels -Wfloat-equal -Wignored-qualifiers -Wno-format-nonliteral -Wno-sign-conversion -Wno-system-headers -Wstrict-prototypes -Wtype-limits -Wvla -Wmissing-parameter-type -Wold-style-declaration -Wstrict-aliasing=3 -Wformat=2 -Warray-bounds=2 -ftree-vrp -Wduplicated-cond -Wnull-dereference -fdelete-null-pointer-checks -Wshift-negative-value -Wshift-overflow=2 -Walloc-zero -Wduplicated-branches -Wformat-overflow=2 -Wformat-truncation=1 -Wrestrict -Warith-conversion -Wdouble-promotion -Wenum-conversion -Wunused-const-variable -DHAVE_FSETXATTR_5  -DHAVE_INTTYPES_H -DHAVE_SYS_FILIO_H -DHAVE_SYS_WAIT_H -DHAVE_SYS_IOCTL_H -DHAVE_SYS_PARAM_H -DHAVE_SYS_POLL_H -DHAVE_SYS_RESOURCE_H -DHAVE_SYS_SELECT_H -DHAVE_SYS_SOCKET_H -DHAVE_SYS_SOCKIO_H -DHAVE_SYS_STAT_H -DHAVE_SYS_TIME_H -DHAVE_SYS_TYPES_H -DHAVE_SYS_UN_H -DHAVE_SYS_XATTR_H -DHAVE_ARPA_INET_H -DHAVE_FCNTL_H -DHAVE_IDN2_H -DHAVE_IFADDRS_H -DHAVE_LIBGEN_H -DHAVE_LOCALE_H -DHAVE_NET_IF_H -DHAVE_NETDB_H -DHAVE_NETINET_IN_H -DHAVE_NETINET_TCP_H -DHAVE_NETINET_UDP_H -DHAVE_POLL_H -DHAVE_PWD_H -DHAVE_STDATOMIC_H -DHAVE_STDBOOL_H -DHAVE_STDINT_H -DHAVE_STRINGS_H -DHAVE_TERMIOS_H -DHAVE_UNISTD_H -DHAVE_UTIME_H -arch arm64 -isysroot /Library/Developer/CommandLineTools/SDKs/MacOSX14.4.sdk -mmacosx-version-min=14.3 -o CMakeFiles/cmTC_fd4cc.dir/CurlTests.c.o -c "/Users/ramanlamba/Desktop/deribit/oems/out/build/GCC 14.2.0 aarch64-apple-darwin23/_deps/curl-src/CMake/CurlTests.c"
/Users/ramanlamba/Desktop/deribit/oems/out/build/GCC 14.2.0 aarch64-apple-darwin23/_deps/curl-src/CMake/CurlTests.c:413:1: warning: function declaration isn't a prototype [-Wstrict-prototypes]
  413 | main() {
      | ^~~~
/Users/ramanlamba/Desktop/deribit/oems/out/build/GCC 14.2.0 aarch64-apple-darwin23/_deps/curl-src/CMake/CurlTests.c: In function 'main':
/Users/ramanlamba/Desktop/deribit/oems/out/build/GCC 14.2.0 aarch64-apple-darwin23/_deps/curl-src/CMake/CurlTests.c:414:3: error: too few arguments to function 'fsetxattr'
  414 |   fsetxattr(0, 0, 0, 0, 0);
      |   ^~~~~~~~~
In file included from /Users/ramanlamba/Desktop/deribit/oems/out/build/GCC 14.2.0 aarch64-apple-darwin23/_deps/curl-src/CMake/CurlTests.c:411:
/Library/Developer/CommandLineTools/SDKs/MacOSX14.4.sdk/usr/include/sys/xattr.h:67:5: note: declared here
   67 | int fsetxattr(int fd, const char *name, const void *value, size_t size, u_int32_t position, int options);
      |     ^~~~~~~~~
make[1]: *** [CMakeFiles/cmTC_fd4cc.dir/CurlTests.c.o] Error 1
make: *** [cmTC_fd4cc/fast] Error 2


Performing Curl Test HAVE_IOCTLSOCKET failed with the following output:
Change Dir: /Users/ramanlamba/Desktop/deribit/oems/out/build/GCC 14.2.0 aarch64-apple-darwin23/CMakeFiles/CMakeTmp

Run Build Command(s):/Users/ramanlamba/micromamba/lib/python3.9/site-packages/cmake/data/bin/cmake -E env VERBOSE=1 /usr/bin/make -f Makefile cmTC_801ae/fast && /Library/Developer/CommandLineTools/usr/bin/make  -f CMakeFiles/cmTC_801ae.dir/build.make CMakeFiles/cmTC_801ae.dir/build
Building C object CMakeFiles/cmTC_801ae.dir/CurlTests.c.o
/opt/homebrew/bin/aarch64-apple-darwin23-gcc-14   -W -Wall -pedantic -Wbad-function-cast -Wconversion -Winline -Wmissing-declarations -Wmissing-prototypes -Wnested-externs -Wno-long-long -Wno-multichar -Wpointer-arith -Wshadow -Wsign-compare -Wundef -Wunused -Wwrite-strings -Wcast-align -Wdeclaration-after-statement -Wempty-body -Wendif-labels -Wfloat-equal -Wignored-qualifiers -Wno-format-nonliteral -Wno-sign-conversion -Wno-system-headers -Wstrict-prototypes -Wtype-limits -Wvla -Wmissing-parameter-type -Wold-style-declaration -Wstrict-aliasing=3 -Wformat=2 -Warray-bounds=2 -ftree-vrp -Wduplicated-cond -Wnull-dereference -fdelete-null-pointer-checks -Wshift-negative-value -Wshift-overflow=2 -Walloc-zero -Wduplicated-branches -Wformat-overflow=2 -Wformat-truncation=1 -Wrestrict -Warith-conversion -Wdouble-promotion -Wenum-conversion -Wunused-const-variable -DHAVE_IOCTLSOCKET  -DHAVE_INTTYPES_H -DHAVE_SYS_FILIO_H -DHAVE_SYS_WAIT_H -DHAVE_SYS_IOCTL_H -DHAVE_SYS_PARAM_H -DHAVE_SYS_POLL_H -DHAVE_SYS_RESOURCE_H -DHAVE_SYS_SELECT_H -DHAVE_SYS_SOCKET_H -DHAVE_SYS_SOCKIO_H -DHAVE_SYS_STAT_H -DHAVE_SYS_TIME_H -DHAVE_SYS_TYPES_H -DHAVE_SYS_UN_H -DHAVE_SYS_XATTR_H -DHAVE_ARPA_INET_H -DHAVE_FCNTL_H -DHAVE_IDN2_H -DHAVE_IFADDRS_H -DHAVE_LIBGEN_H -DHAVE_LOCALE_H -DHAVE_NET_IF_H -DHAVE_NETDB_H -DHAVE_NETINET_IN_H -DHAVE_NETINET_TCP_H -DHAVE_NETINET_UDP_H -DHAVE_POLL_H -DHAVE_PWD_H -DHAVE_STDATOMIC_H -DHAVE_STDBOOL_H -DHAVE_STDINT_H -DHAVE_STRINGS_H -DHAVE_TERMIOS_H -DHAVE_UNISTD_H -DHAVE_UTIME_H -arch arm64 -isysroot /Library/Developer/CommandLineTools/SDKs/MacOSX14.4.sdk -mmacosx-version-min=14.3 -o CMakeFiles/cmTC_801ae.dir/CurlTests.c.o -c "/Users/ramanlamba/Desktop/deribit/oems/out/build/GCC 14.2.0 aarch64-apple-darwin23/_deps/curl-src/CMake/CurlTests.c"
/Users/ramanlamba/Desktop/deribit/oems/out/build/GCC 14.2.0 aarch64-apple-darwin23/_deps/curl-src/CMake/CurlTests.c:199:1: warning: function declaration isn't a prototype [-Wstrict-prototypes]
  199 | main ()
      | ^~~~
/Users/ramanlamba/Desktop/deribit/oems/out/build/GCC 14.2.0 aarch64-apple-darwin23/_deps/curl-src/CMake/CurlTests.c: In function 'main':
/Users/ramanlamba/Desktop/deribit/oems/out/build/GCC 14.2.0 aarch64-apple-darwin23/_deps/curl-src/CMake/CurlTests.c:204:24: error: implicit declaration of function 'ioctlsocket' [-Wimplicit-function-declaration]
  204 |  unsigned long flags = ioctlsocket(socket, FIONBIO, &flags);
      |                        ^~~~~~~~~~~
/Users/ramanlamba/Desktop/deribit/oems/out/build/GCC 14.2.0 aarch64-apple-darwin23/_deps/curl-src/CMake/CurlTests.c:204:24: warning: nested extern declaration of 'ioctlsocket' [-Wnested-externs]
/Users/ramanlamba/Desktop/deribit/oems/out/build/GCC 14.2.0 aarch64-apple-darwin23/_deps/curl-src/CMake/CurlTests.c:204:44: error: 'FIONBIO' undeclared (first use in this function)
  204 |  unsigned long flags = ioctlsocket(socket, FIONBIO, &flags);
      |                                            ^~~~~~~
/Users/ramanlamba/Desktop/deribit/oems/out/build/GCC 14.2.0 aarch64-apple-darwin23/_deps/curl-src/CMake/CurlTests.c:204:44: note: each undeclared identifier is reported only once for each function it appears in
make[1]: *** [CMakeFiles/cmTC_801ae.dir/CurlTests.c.o] Error 1
make: *** [cmTC_801ae/fast] Error 2


Performing Curl Test HAVE_IOCTLSOCKET_CAMEL failed with the following output:
Change Dir: /Users/ramanlamba/Desktop/deribit/oems/out/build/GCC 14.2.0 aarch64-apple-darwin23/CMakeFiles/CMakeTmp

Run Build Command(s):/Users/ramanlamba/micromamba/lib/python3.9/site-packages/cmake/data/bin/cmake -E env VERBOSE=1 /usr/bin/make -f Makefile cmTC_6cb50/fast && /Library/Developer/CommandLineTools/usr/bin/make  -f CMakeFiles/cmTC_6cb50.dir/build.make CMakeFiles/cmTC_6cb50.dir/build
Building C object CMakeFiles/cmTC_6cb50.dir/CurlTests.c.o
/opt/homebrew/bin/aarch64-apple-darwin23-gcc-14   -W -Wall -pedantic -Wbad-function-cast -Wconversion -Winline -Wmissing-declarations -Wmissing-prototypes -Wnested-externs -Wno-long-long -Wno-multichar -Wpointer-arith -Wshadow -Wsign-compare -Wundef -Wunused -Wwrite-strings -Wcast-align -Wdeclaration-after-statement -Wempty-body -Wendif-labels -Wfloat-equal -Wignored-qualifiers -Wno-format-nonliteral -Wno-sign-conversion -Wno-system-headers -Wstrict-prototypes -Wtype-limits -Wvla -Wmissing-parameter-type -Wold-style-declaration -Wstrict-aliasing=3 -Wformat=2 -Warray-bounds=2 -ftree-vrp -Wduplicated-cond -Wnull-dereference -fdelete-null-pointer-checks -Wshift-negative-value -Wshift-overflow=2 -Walloc-zero -Wduplicated-branches -Wformat-overflow=2 -Wformat-truncation=1 -Wrestrict -Warith-conversion -Wdouble-promotion -Wenum-conversion -Wunused-const-variable -DHAVE_IOCTLSOCKET_CAMEL  -DHAVE_INTTYPES_H -DHAVE_SYS_FILIO_H -DHAVE_SYS_WAIT_H -DHAVE_SYS_IOCTL_H -DHAVE_SYS_PARAM_H -DHAVE_SYS_POLL_H -DHAVE_SYS_RESOURCE_H -DHAVE_SYS_SELECT_H -DHAVE_SYS_SOCKET_H -DHAVE_SYS_SOCKIO_H -DHAVE_SYS_STAT_H -DHAVE_SYS_TIME_H -DHAVE_SYS_TYPES_H -DHAVE_SYS_UN_H -DHAVE_SYS_XATTR_H -DHAVE_ARPA_INET_H -DHAVE_FCNTL_H -DHAVE_IDN2_H -DHAVE_IFADDRS_H -DHAVE_LIBGEN_H -DHAVE_LOCALE_H -DHAVE_NET_IF_H -DHAVE_NETDB_H -DHAVE_NETINET_IN_H -DHAVE_NETINET_TCP_H -DHAVE_NETINET_UDP_H -DHAVE_POLL_H -DHAVE_PWD_H -DHAVE_STDATOMIC_H -DHAVE_STDBOOL_H -DHAVE_STDINT_H -DHAVE_STRINGS_H -DHAVE_TERMIOS_H -DHAVE_UNISTD_H -DHAVE_UTIME_H -arch arm64 -isysroot /Library/Developer/CommandLineTools/SDKs/MacOSX14.4.sdk -mmacosx-version-min=14.3 -o CMakeFiles/cmTC_6cb50.dir/CurlTests.c.o -c "/Users/ramanlamba/Desktop/deribit/oems/out/build/GCC 14.2.0 aarch64-apple-darwin23/_deps/curl-src/CMake/CurlTests.c"
/Users/ramanlamba/Desktop/deribit/oems/out/build/GCC 14.2.0 aarch64-apple-darwin23/_deps/curl-src/CMake/CurlTests.c:224:1: warning: function declaration isn't a prototype [-Wstrict-prototypes]
  224 | main ()
      | ^~~~
/Users/ramanlamba/Desktop/deribit/oems/out/build/GCC 14.2.0 aarch64-apple-darwin23/_deps/curl-src/CMake/CurlTests.c: In function 'main':
/Users/ramanlamba/Desktop/deribit/oems/out/build/GCC 14.2.0 aarch64-apple-darwin23/_deps/curl-src/CMake/CurlTests.c:228:13: error: implicit declaration of function 'IoctlSocket' [-Wimplicit-function-declaration]
  228 |     if(0 != IoctlSocket(0, 0, 0))
      |             ^~~~~~~~~~~
/Users/ramanlamba/Desktop/deribit/oems/out/build/GCC 14.2.0 aarch64-apple-darwin23/_deps/curl-src/CMake/CurlTests.c:228:13: warning: nested extern declaration of 'IoctlSocket' [-Wnested-externs]
make[1]: *** [CMakeFiles/cmTC_6cb50.dir/CurlTests.c.o] Error 1
make: *** [cmTC_6cb50/fast] Error 2


Performing Curl Test HAVE_IOCTLSOCKET_CAMEL_FIONBIO failed with the following output:
Change Dir: /Users/ramanlamba/Desktop/deribit/oems/out/build/GCC 14.2.0 aarch64-apple-darwin23/CMakeFiles/CMakeTmp

Run Build Command(s):/Users/ramanlamba/micromamba/lib/python3.9/site-packages/cmake/data/bin/cmake -E env VERBOSE=1 /usr/bin/make -f Makefile cmTC_e05a2/fast && /Library/Developer/CommandLineTools/usr/bin/make  -f CMakeFiles/cmTC_e05a2.dir/build.make CMakeFiles/cmTC_e05a2.dir/build
Building C object CMakeFiles/cmTC_e05a2.dir/CurlTests.c.o
/opt/homebrew/bin/aarch64-apple-darwin23-gcc-14   -W -Wall -pedantic -Wbad-function-cast -Wconversion -Winline -Wmissing-declarations -Wmissing-prototypes -Wnested-externs -Wno-long-long -Wno-multichar -Wpointer-arith -Wshadow -Wsign-compare -Wundef -Wunused -Wwrite-strings -Wcast-align -Wdeclaration-after-statement -Wempty-body -Wendif-labels -Wfloat-equal -Wignored-qualifiers -Wno-format-nonliteral -Wno-sign-conversion -Wno-system-headers -Wstrict-prototypes -Wtype-limits -Wvla -Wmissing-parameter-type -Wold-style-declaration -Wstrict-aliasing=3 -Wformat=2 -Warray-bounds=2 -ftree-vrp -Wduplicated-cond -Wnull-dereference -fdelete-null-pointer-checks -Wshift-negative-value -Wshift-overflow=2 -Walloc-zero -Wduplicated-branches -Wformat-overflow=2 -Wformat-truncation=1 -Wrestrict -Warith-conversion -Wdouble-promotion -Wenum-conversion -Wunused-const-variable -DHAVE_IOCTLSOCKET_CAMEL_FIONBIO  -DHAVE_INTTYPES_H -DHAVE_SYS_FILIO_H -DHAVE_SYS_WAIT_H -DHAVE_SYS_IOCTL_H -DHAVE_SYS_PARAM_H -DHAVE_SYS_POLL_H -DHAVE_SYS_RESOURCE_H -DHAVE_SYS_SELECT_H -DHAVE_SYS_SOCKET_H -DHAVE_SYS_SOCKIO_H -DHAVE_SYS_STAT_H -DHAVE_SYS_TIME_H -DHAVE_SYS_TYPES_H -DHAVE_SYS_UN_H -DHAVE_SYS_XATTR_H -DHAVE_ARPA_INET_H -DHAVE_FCNTL_H -DHAVE_IDN2_H -DHAVE_IFADDRS_H -DHAVE_LIBGEN_H -DHAVE_LOCALE_H -DHAVE_NET_IF_H -DHAVE_NETDB_H -DHAVE_NETINET_IN_H -DHAVE_NETINET_TCP_H -DHAVE_NETINET_UDP_H -DHAVE_POLL_H -DHAVE_PWD_H -DHAVE_STDATOMIC_H -DHAVE_STDBOOL_H -DHAVE_STDINT_H -DHAVE_STRINGS_H -DHAVE_TERMIOS_H -DHAVE_UNISTD_H -DHAVE_UTIME_H -arch arm64 -isysroot /Library/Developer/CommandLineTools/SDKs/MacOSX14.4.sdk -mmacosx-version-min=14.3 -o CMakeFiles/cmTC_e05a2.dir/CurlTests.c.o -c "/Users/ramanlamba/Desktop/deribit/oems/out/build/GCC 14.2.0 aarch64-apple-darwin23/_deps/curl-src/CMake/CurlTests.c"
/Users/ramanlamba/Desktop/deribit/oems/out/build/GCC 14.2.0 aarch64-apple-darwin23/_deps/curl-src/CMake/CurlTests.c:247:1: warning: function declaration isn't a prototype [-Wstrict-prototypes]
  247 | main ()
      | ^~~~
/Users/ramanlamba/Desktop/deribit/oems/out/build/GCC 14.2.0 aarch64-apple-darwin23/_deps/curl-src/CMake/CurlTests.c: In function 'main':
/Users/ramanlamba/Desktop/deribit/oems/out/build/GCC 14.2.0 aarch64-apple-darwin23/_deps/curl-src/CMake/CurlTests.c:252:17: error: implicit declaration of function 'IoctlSocket' [-Wimplicit-function-declaration]
  252 |         if(0 != IoctlSocket(0, FIONBIO, &flags))
      |                 ^~~~~~~~~~~
/Users/ramanlamba/Desktop/deribit/oems/out/build/GCC 14.2.0 aarch64-apple-darwin23/_deps/curl-src/CMake/CurlTests.c:252:17: warning: nested extern declaration of 'IoctlSocket' [-Wnested-externs]
/Users/ramanlamba/Desktop/deribit/oems/out/build/GCC 14.2.0 aarch64-apple-darwin23/_deps/curl-src/CMake/CurlTests.c:252:32: error: 'FIONBIO' undeclared (first use in this function)
  252 |         if(0 != IoctlSocket(0, FIONBIO, &flags))
      |                                ^~~~~~~
/Users/ramanlamba/Desktop/deribit/oems/out/build/GCC 14.2.0 aarch64-apple-darwin23/_deps/curl-src/CMake/CurlTests.c:252:32: note: each undeclared identifier is reported only once for each function it appears in
make[1]: *** [CMakeFiles/cmTC_e05a2.dir/CurlTests.c.o] Error 1
make: *** [cmTC_e05a2/fast] Error 2


Performing Curl Test HAVE_IOCTLSOCKET_FIONBIO failed with the following output:
Change Dir: /Users/ramanlamba/Desktop/deribit/oems/out/build/GCC 14.2.0 aarch64-apple-darwin23/CMakeFiles/CMakeTmp

Run Build Command(s):/Users/ramanlamba/micromamba/lib/python3.9/site-packages/cmake/data/bin/cmake -E env VERBOSE=1 /usr/bin/make -f Makefile cmTC_3b0dc/fast && /Library/Developer/CommandLineTools/usr/bin/make  -f CMakeFiles/cmTC_3b0dc.dir/build.make CMakeFiles/cmTC_3b0dc.dir/build
Building C object CMakeFiles/cmTC_3b0dc.dir/CurlTests.c.o
/opt/homebrew/bin/aarch64-apple-darwin23-gcc-14   -W -Wall -pedantic -Wbad-function-cast -Wconversion -Winline -Wmissing-declarations -Wmissing-prototypes -Wnested-externs -Wno-long-long -Wno-multichar -Wpointer-arith -Wshadow -Wsign-compare -Wundef -Wunused -Wwrite-strings -Wcast-align -Wdeclaration-after-statement -Wempty-body -Wendif-labels -Wfloat-equal -Wignored-qualifiers -Wno-format-nonliteral -Wno-sign-conversion -Wno-system-headers -Wstrict-prototypes -Wtype-limits -Wvla -Wmissing-parameter-type -Wold-style-declaration -Wstrict-aliasing=3 -Wformat=2 -Warray-bounds=2 -ftree-vrp -Wduplicated-cond -Wnull-dereference -fdelete-null-pointer-checks -Wshift-negative-value -Wshift-overflow=2 -Walloc-zero -Wduplicated-branches -Wformat-overflow=2 -Wformat-truncation=1 -Wrestrict -Warith-conversion -Wdouble-promotion -Wenum-conversion -Wunused-const-variable -DHAVE_IOCTLSOCKET_FIONBIO  -DHAVE_INTTYPES_H -DHAVE_SYS_FILIO_H -DHAVE_SYS_WAIT_H -DHAVE_SYS_IOCTL_H -DHAVE_SYS_PARAM_H -DHAVE_SYS_POLL_H -DHAVE_SYS_RESOURCE_H -DHAVE_SYS_SELECT_H -DHAVE_SYS_SOCKET_H -DHAVE_SYS_SOCKIO_H -DHAVE_SYS_STAT_H -DHAVE_SYS_TIME_H -DHAVE_SYS_TYPES_H -DHAVE_SYS_UN_H -DHAVE_SYS_XATTR_H -DHAVE_ARPA_INET_H -DHAVE_FCNTL_H -DHAVE_IDN2_H -DHAVE_IFADDRS_H -DHAVE_LIBGEN_H -DHAVE_LOCALE_H -DHAVE_NET_IF_H -DHAVE_NETDB_H -DHAVE_NETINET_IN_H -DHAVE_NETINET_TCP_H -DHAVE_NETINET_UDP_H -DHAVE_POLL_H -DHAVE_PWD_H -DHAVE_STDATOMIC_H -DHAVE_STDBOOL_H -DHAVE_STDINT_H -DHAVE_STRINGS_H -DHAVE_TERMIOS_H -DHAVE_UNISTD_H -DHAVE_UTIME_H -arch arm64 -isysroot /Library/Developer/CommandLineTools/SDKs/MacOSX14.4.sdk -mmacosx-version-min=14.3 -o CMakeFiles/cmTC_3b0dc.dir/CurlTests.c.o -c "/Users/ramanlamba/Desktop/deribit/oems/out/build/GCC 14.2.0 aarch64-apple-darwin23/_deps/curl-src/CMake/CurlTests.c"
/Users/ramanlamba/Desktop/deribit/oems/out/build/GCC 14.2.0 aarch64-apple-darwin23/_deps/curl-src/CMake/CurlTests.c:271:1: warning: function declaration isn't a prototype [-Wstrict-prototypes]
  271 | main ()
      | ^~~~
/Users/ramanlamba/Desktop/deribit/oems/out/build/GCC 14.2.0 aarch64-apple-darwin23/_deps/curl-src/CMake/CurlTests.c: In function 'main':
/Users/ramanlamba/Desktop/deribit/oems/out/build/GCC 14.2.0 aarch64-apple-darwin23/_deps/curl-src/CMake/CurlTests.c:275:17: error: implicit declaration of function 'ioctlsocket' [-Wimplicit-function-declaration]
  275 |         if(0 != ioctlsocket(0, FIONBIO, &flags))
      |                 ^~~~~~~~~~~
/Users/ramanlamba/Desktop/deribit/oems/out/build/GCC 14.2.0 aarch64-apple-darwin23/_deps/curl-src/CMake/CurlTests.c:275:17: warning: nested extern declaration of 'ioctlsocket' [-Wnested-externs]
/Users/ramanlamba/Desktop/deribit/oems/out/build/GCC 14.2.0 aarch64-apple-darwin23/_deps/curl-src/CMake/CurlTests.c:275:32: error: 'FIONBIO' undeclared (first use in this function)
  275 |         if(0 != ioctlsocket(0, FIONBIO, &flags))
      |                                ^~~~~~~
/Users/ramanlamba/Desktop/deribit/oems/out/build/GCC 14.2.0 aarch64-apple-darwin23/_deps/curl-src/CMake/CurlTests.c:275:32: note: each undeclared identifier is reported only once for each function it appears in
make[1]: *** [CMakeFiles/cmTC_3b0dc.dir/CurlTests.c.o] Error 1
make: *** [cmTC_3b0dc/fast] Error 2


Performing Curl Test HAVE_SETSOCKOPT_SO_NONBLOCK failed with the following output:
Change Dir: /Users/ramanlamba/Desktop/deribit/oems/out/build/GCC 14.2.0 aarch64-apple-darwin23/CMakeFiles/CMakeTmp

Run Build Command(s):/Users/ramanlamba/micromamba/lib/python3.9/site-packages/cmake/data/bin/cmake -E env VERBOSE=1 /usr/bin/make -f Makefile cmTC_d95cd/fast && /Library/Developer/CommandLineTools/usr/bin/make  -f CMakeFiles/cmTC_d95cd.dir/build.make CMakeFiles/cmTC_d95cd.dir/build
Building C object CMakeFiles/cmTC_d95cd.dir/CurlTests.c.o
/opt/homebrew/bin/aarch64-apple-darwin23-gcc-14   -W -Wall -pedantic -Wbad-function-cast -Wconversion -Winline -Wmissing-declarations -Wmissing-prototypes -Wnested-externs -Wno-long-long -Wno-multichar -Wpointer-arith -Wshadow -Wsign-compare -Wundef -Wunused -Wwrite-strings -Wcast-align -Wdeclaration-after-statement -Wempty-body -Wendif-labels -Wfloat-equal -Wignored-qualifiers -Wno-format-nonliteral -Wno-sign-conversion -Wno-system-headers -Wstrict-prototypes -Wtype-limits -Wvla -Wmissing-parameter-type -Wold-style-declaration -Wstrict-aliasing=3 -Wformat=2 -Warray-bounds=2 -ftree-vrp -Wduplicated-cond -Wnull-dereference -fdelete-null-pointer-checks -Wshift-negative-value -Wshift-overflow=2 -Walloc-zero -Wduplicated-branches -Wformat-overflow=2 -Wformat-truncation=1 -Wrestrict -Warith-conversion -Wdouble-promotion -Wenum-conversion -Wunused-const-variable -DHAVE_SETSOCKOPT_SO_NONBLOCK  -DHAVE_INTTYPES_H -DHAVE_SYS_FILIO_H -DHAVE_SYS_WAIT_H -DHAVE_SYS_IOCTL_H -DHAVE_SYS_PARAM_H -DHAVE_SYS_POLL_H -DHAVE_SYS_RESOURCE_H -DHAVE_SYS_SELECT_H -DHAVE_SYS_SOCKET_H -DHAVE_SYS_SOCKIO_H -DHAVE_SYS_STAT_H -DHAVE_SYS_TIME_H -DHAVE_SYS_TYPES_H -DHAVE_SYS_UN_H -DHAVE_SYS_XATTR_H -DHAVE_ARPA_INET_H -DHAVE_FCNTL_H -DHAVE_IDN2_H -DHAVE_IFADDRS_H -DHAVE_LIBGEN_H -DHAVE_LOCALE_H -DHAVE_NET_IF_H -DHAVE_NETDB_H -DHAVE_NETINET_IN_H -DHAVE_NETINET_TCP_H -DHAVE_NETINET_UDP_H -DHAVE_POLL_H -DHAVE_PWD_H -DHAVE_STDATOMIC_H -DHAVE_STDBOOL_H -DHAVE_STDINT_H -DHAVE_STRINGS_H -DHAVE_TERMIOS_H -DHAVE_UNISTD_H -DHAVE_UTIME_H -arch arm64 -isysroot /Library/Developer/CommandLineTools/SDKs/MacOSX14.4.sdk -mmacosx-version-min=14.3 -o CMakeFiles/cmTC_d95cd.dir/CurlTests.c.o -c "/Users/ramanlamba/Desktop/deribit/oems/out/build/GCC 14.2.0 aarch64-apple-darwin23/_deps/curl-src/CMake/CurlTests.c"
/Users/ramanlamba/Desktop/deribit/oems/out/build/GCC 14.2.0 aarch64-apple-darwin23/_deps/curl-src/CMake/CurlTests.c:365:1: warning: function declaration isn't a prototype [-Wstrict-prototypes]
  365 | main ()
      | ^~~~
/Users/ramanlamba/Desktop/deribit/oems/out/build/GCC 14.2.0 aarch64-apple-darwin23/_deps/curl-src/CMake/CurlTests.c: In function 'main':
/Users/ramanlamba/Desktop/deribit/oems/out/build/GCC 14.2.0 aarch64-apple-darwin23/_deps/curl-src/CMake/CurlTests.c:367:43: error: 'SO_NONBLOCK' undeclared (first use in this function)
  367 |         if(0 != setsockopt(0, SOL_SOCKET, SO_NONBLOCK, 0, 0))
      |                                           ^~~~~~~~~~~
/Users/ramanlamba/Desktop/deribit/oems/out/build/GCC 14.2.0 aarch64-apple-darwin23/_deps/curl-src/CMake/CurlTests.c:367:43: note: each undeclared identifier is reported only once for each function it appears in
make[1]: *** [CMakeFiles/cmTC_d95cd.dir/CurlTests.c.o] Error 1
make: *** [cmTC_d95cd/fast] Error 2


Performing Curl Test HAVE_O_NONBLOCK failed with the following output:
Change Dir: /Users/ramanlamba/Desktop/deribit/oems/out/build/GCC 14.2.0 aarch64-apple-darwin23/CMakeFiles/CMakeTmp

Run Build Command(s):/Users/ramanlamba/micromamba/lib/python3.9/site-packages/cmake/data/bin/cmake -E env VERBOSE=1 /usr/bin/make -f Makefile cmTC_69aea/fast && /Library/Developer/CommandLineTools/usr/bin/make  -f CMakeFiles/cmTC_69aea.dir/build.make CMakeFiles/cmTC_69aea.dir/build
Building C object CMakeFiles/cmTC_69aea.dir/CurlTests.c.o
/opt/homebrew/bin/aarch64-apple-darwin23-gcc-14   -W -Wall -pedantic -Wbad-function-cast -Wconversion -Winline -Wmissing-declarations -Wmissing-prototypes -Wnested-externs -Wno-long-long -Wno-multichar -Wpointer-arith -Wshadow -Wsign-compare -Wundef -Wunused -Wwrite-strings -Wcast-align -Wdeclaration-after-statement -Wempty-body -Wendif-labels -Wfloat-equal -Wignored-qualifiers -Wno-format-nonliteral -Wno-sign-conversion -Wno-system-headers -Wstrict-prototypes -Wtype-limits -Wvla -Wmissing-parameter-type -Wold-style-declaration -Wstrict-aliasing=3 -Wformat=2 -Warray-bounds=2 -ftree-vrp -Wduplicated-cond -Wnull-dereference -fdelete-null-pointer-checks -Wshift-negative-value -Wshift-overflow=2 -Walloc-zero -Wduplicated-branches -Wformat-overflow=2 -Wformat-truncation=1 -Wrestrict -Warith-conversion -Wdouble-promotion -Wenum-conversion -Wunused-const-variable -DHAVE_O_NONBLOCK  -DHAVE_INTTYPES_H -DHAVE_SYS_FILIO_H -DHAVE_SYS_WAIT_H -DHAVE_SYS_IOCTL_H -DHAVE_SYS_PARAM_H -DHAVE_SYS_POLL_H -DHAVE_SYS_RESOURCE_H -DHAVE_SYS_SELECT_H -DHAVE_SYS_SOCKET_H -DHAVE_SYS_SOCKIO_H -DHAVE_SYS_STAT_H -DHAVE_SYS_TIME_H -DHAVE_SYS_TYPES_H -DHAVE_SYS_UN_H -DHAVE_SYS_XATTR_H -DHAVE_ARPA_INET_H -DHAVE_FCNTL_H -DHAVE_IDN2_H -DHAVE_IFADDRS_H -DHAVE_LIBGEN_H -DHAVE_LOCALE_H -DHAVE_NET_IF_H -DHAVE_NETDB_H -DHAVE_NETINET_IN_H -DHAVE_NETINET_TCP_H -DHAVE_NETINET_UDP_H -DHAVE_POLL_H -DHAVE_PWD_H -DHAVE_STDATOMIC_H -DHAVE_STDBOOL_H -DHAVE_STDINT_H -DHAVE_STRINGS_H -DHAVE_TERMIOS_H -DHAVE_UNISTD_H -DHAVE_UTIME_H -arch arm64 -isysroot /Library/Developer/CommandLineTools/SDKs/MacOSX14.4.sdk -mmacosx-version-min=14.3 -o CMakeFiles/cmTC_69aea.dir/CurlTests.c.o -c "/Users/ramanlamba/Desktop/deribit/oems/out/build/GCC 14.2.0 aarch64-apple-darwin23/_deps/curl-src/CMake/CurlTests.c"
/Users/ramanlamba/Desktop/deribit/oems/out/build/GCC 14.2.0 aarch64-apple-darwin23/_deps/curl-src/CMake/CurlTests.c:516: warning: ISO C forbids an empty translation unit [-Wpedantic]
Linking C executable cmTC_69aea
/Users/ramanlamba/micromamba/lib/python3.9/site-packages/cmake/data/bin/cmake -E cmake_link_script CMakeFiles/cmTC_69aea.dir/link.txt --verbose=1
/opt/homebrew/bin/aarch64-apple-darwin23-gcc-14   -W -Wall -pedantic -Wbad-function-cast -Wconversion -Winline -Wmissing-declarations -Wmissing-prototypes -Wnested-externs -Wno-long-long -Wno-multichar -Wpointer-arith -Wshadow -Wsign-compare -Wundef -Wunused -Wwrite-strings -Wcast-align -Wdeclaration-after-statement -Wempty-body -Wendif-labels -Wfloat-equal -Wignored-qualifiers -Wno-format-nonliteral -Wno-sign-conversion -Wno-system-headers -Wstrict-prototypes -Wtype-limits -Wvla -Wmissing-parameter-type -Wold-style-declaration -Wstrict-aliasing=3 -Wformat=2 -Warray-bounds=2 -ftree-vrp -Wduplicated-cond -Wnull-dereference -fdelete-null-pointer-checks -Wshift-negative-value -Wshift-overflow=2 -Walloc-zero -Wduplicated-branches -Wformat-overflow=2 -Wformat-truncation=1 -Wrestrict -Warith-conversion -Wdouble-promotion -Wenum-conversion -Wunused-const-variable -DHAVE_O_NONBLOCK  -DHAVE_INTTYPES_H -DHAVE_SYS_FILIO_H -DHAVE_SYS_WAIT_H -DHAVE_SYS_IOCTL_H -DHAVE_SYS_PARAM_H -DHAVE_SYS_POLL_H -DHAVE_SYS_RESOURCE_H -DHAVE_SYS_SELECT_H -DHAVE_SYS_SOCKET_H -DHAVE_SYS_SOCKIO_H -DHAVE_SYS_STAT_H -DHAVE_SYS_TIME_H -DHAVE_SYS_TYPES_H -DHAVE_SYS_UN_H -DHAVE_SYS_XATTR_H -DHAVE_ARPA_INET_H -DHAVE_FCNTL_H -DHAVE_IDN2_H -DHAVE_IFADDRS_H -DHAVE_LIBGEN_H -DHAVE_LOCALE_H -DHAVE_NET_IF_H -DHAVE_NETDB_H -DHAVE_NETINET_IN_H -DHAVE_NETINET_TCP_H -DHAVE_NETINET_UDP_H -DHAVE_POLL_H -DHAVE_PWD_H -DHAVE_STDATOMIC_H -DHAVE_STDBOOL_H -DHAVE_STDINT_H -DHAVE_STRINGS_H -DHAVE_TERMIOS_H -DHAVE_UNISTD_H -DHAVE_UTIME_H -arch arm64 -isysroot /Library/Developer/CommandLineTools/SDKs/MacOSX14.4.sdk -mmacosx-version-min=14.3 -Wl,-search_paths_first -Wl,-headerpad_max_install_names CMakeFiles/cmTC_69aea.dir/CurlTests.c.o -o cmTC_69aea 
Undefined symbols for architecture arm64:
  "_main", referenced from:
      <initial-undefines>
ld: symbol(s) not found for architecture arm64
collect2: error: ld returned 1 exit status
make[1]: *** [cmTC_69aea] Error 1
make: *** [cmTC_69aea/fast] Error 2


Performing Curl Test HAVE_GETHOSTBYNAME_R_3 failed with the following output:
Change Dir: /Users/ramanlamba/Desktop/deribit/oems/out/build/GCC 14.2.0 aarch64-apple-darwin23/CMakeFiles/CMakeTmp

Run Build Command(s):/Users/ramanlamba/micromamba/lib/python3.9/site-packages/cmake/data/bin/cmake -E env VERBOSE=1 /usr/bin/make -f Makefile cmTC_731e0/fast && /Library/Developer/CommandLineTools/usr/bin/make  -f CMakeFiles/cmTC_731e0.dir/build.make CMakeFiles/cmTC_731e0.dir/build
Building C object CMakeFiles/cmTC_731e0.dir/CurlTests.c.o
/opt/homebrew/bin/aarch64-apple-darwin23-gcc-14   -W -Wall -pedantic -Wbad-function-cast -Wconversion -Winline -Wmissing-declarations -Wmissing-prototypes -Wnested-externs -Wno-long-long -Wno-multichar -Wpointer-arith -Wshadow -Wsign-compare -Wundef -Wunused -Wwrite-strings -Wcast-align -Wdeclaration-after-statement -Wempty-body -Wendif-labels -Wfloat-equal -Wignored-qualifiers -Wno-format-nonliteral -Wno-sign-conversion -Wno-system-headers -Wstrict-prototypes -Wtype-limits -Wvla -Wmissing-parameter-type -Wold-style-declaration -Wstrict-aliasing=3 -Wformat=2 -Warray-bounds=2 -ftree-vrp -Wduplicated-cond -Wnull-dereference -fdelete-null-pointer-checks -Wshift-negative-value -Wshift-overflow=2 -Walloc-zero -Wduplicated-branches -Wformat-overflow=2 -Wformat-truncation=1 -Wrestrict -Warith-conversion -Wdouble-promotion -Wenum-conversion -Wunused-const-variable -DHAVE_GETHOSTBYNAME_R_3  -DHAVE_INTTYPES_H -DHAVE_SYS_FILIO_H -DHAVE_SYS_WAIT_H -DHAVE_SYS_IOCTL_H -DHAVE_SYS_PARAM_H -DHAVE_SYS_POLL_H -DHAVE_SYS_RESOURCE_H -DHAVE_SYS_SELECT_H -DHAVE_SYS_SOCKET_H -DHAVE_SYS_SOCKIO_H -DHAVE_SYS_STAT_H -DHAVE_SYS_TIME_H -DHAVE_SYS_TYPES_H -DHAVE_SYS_UN_H -DHAVE_SYS_XATTR_H -DHAVE_ARPA_INET_H -DHAVE_FCNTL_H -DHAVE_IDN2_H -DHAVE_IFADDRS_H -DHAVE_LIBGEN_H -DHAVE_LOCALE_H -DHAVE_NET_IF_H -DHAVE_NETDB_H -DHAVE_NETINET_IN_H -DHAVE_NETINET_TCP_H -DHAVE_NETINET_UDP_H -DHAVE_POLL_H -DHAVE_PWD_H -DHAVE_STDATOMIC_H -DHAVE_STDBOOL_H -DHAVE_STDINT_H -DHAVE_STRINGS_H -DHAVE_TERMIOS_H -DHAVE_UNISTD_H -DHAVE_UTIME_H -arch arm64 -isysroot /Library/Developer/CommandLineTools/SDKs/MacOSX14.4.sdk -mmacosx-version-min=14.3 -o CMakeFiles/cmTC_731e0.dir/CurlTests.c.o -c "/Users/ramanlamba/Desktop/deribit/oems/out/build/GCC 14.2.0 aarch64-apple-darwin23/_deps/curl-src/CMake/CurlTests.c"
/Users/ramanlamba/Desktop/deribit/oems/out/build/GCC 14.2.0 aarch64-apple-darwin23/_deps/curl-src/CMake/CurlTests.c: In function 'main':
/Users/ramanlamba/Desktop/deribit/oems/out/build/GCC 14.2.0 aarch64-apple-darwin23/_deps/curl-src/CMake/CurlTests.c:75:19: warning: initialization discards 'const' qualifier from pointer target type [-Wdiscarded-qualifiers]
   75 |   char *address = "example.com";
      |                   ^~~~~~~~~~~~~
/Users/ramanlamba/Desktop/deribit/oems/out/build/GCC 14.2.0 aarch64-apple-darwin23/_deps/curl-src/CMake/CurlTests.c:82:23: error: storage size of 'hdata' isn't known
   82 |   struct hostent_data hdata;
      |                       ^~~~~
/Users/ramanlamba/Desktop/deribit/oems/out/build/GCC 14.2.0 aarch64-apple-darwin23/_deps/curl-src/CMake/CurlTests.c:94:8: error: implicit declaration of function 'gethostbyname_r'; did you mean 'gethostbyname2'? [-Wimplicit-function-declaration]
   94 |   rc = gethostbyname_r(address, &h, &hdata);
      |        ^~~~~~~~~~~~~~~
      |        gethostbyname2
/Users/ramanlamba/Desktop/deribit/oems/out/build/GCC 14.2.0 aarch64-apple-darwin23/_deps/curl-src/CMake/CurlTests.c:94:8: warning: nested extern declaration of 'gethostbyname_r' [-Wnested-externs]
/Users/ramanlamba/Desktop/deribit/oems/out/build/GCC 14.2.0 aarch64-apple-darwin23/_deps/curl-src/CMake/CurlTests.c:82:23: warning: unused variable 'hdata' [-Wunused-variable]
   82 |   struct hostent_data hdata;
      |                       ^~~~~
make[1]: *** [CMakeFiles/cmTC_731e0.dir/CurlTests.c.o] Error 1
make: *** [cmTC_731e0/fast] Error 2


Performing Curl Test HAVE_GETHOSTBYNAME_R_5 failed with the following output:
Change Dir: /Users/ramanlamba/Desktop/deribit/oems/out/build/GCC 14.2.0 aarch64-apple-darwin23/CMakeFiles/CMakeTmp

Run Build Command(s):/Users/ramanlamba/micromamba/lib/python3.9/site-packages/cmake/data/bin/cmake -E env VERBOSE=1 /usr/bin/make -f Makefile cmTC_eaacd/fast && /Library/Developer/CommandLineTools/usr/bin/make  -f CMakeFiles/cmTC_eaacd.dir/build.make CMakeFiles/cmTC_eaacd.dir/build
Building C object CMakeFiles/cmTC_eaacd.dir/CurlTests.c.o
/opt/homebrew/bin/aarch64-apple-darwin23-gcc-14   -W -Wall -pedantic -Wbad-function-cast -Wconversion -Winline -Wmissing-declarations -Wmissing-prototypes -Wnested-externs -Wno-long-long -Wno-multichar -Wpointer-arith -Wshadow -Wsign-compare -Wundef -Wunused -Wwrite-strings -Wcast-align -Wdeclaration-after-statement -Wempty-body -Wendif-labels -Wfloat-equal -Wignored-qualifiers -Wno-format-nonliteral -Wno-sign-conversion -Wno-system-headers -Wstrict-prototypes -Wtype-limits -Wvla -Wmissing-parameter-type -Wold-style-declaration -Wstrict-aliasing=3 -Wformat=2 -Warray-bounds=2 -ftree-vrp -Wduplicated-cond -Wnull-dereference -fdelete-null-pointer-checks -Wshift-negative-value -Wshift-overflow=2 -Walloc-zero -Wduplicated-branches -Wformat-overflow=2 -Wformat-truncation=1 -Wrestrict -Warith-conversion -Wdouble-promotion -Wenum-conversion -Wunused-const-variable -DHAVE_GETHOSTBYNAME_R_5  -DHAVE_INTTYPES_H -DHAVE_SYS_FILIO_H -DHAVE_SYS_WAIT_H -DHAVE_SYS_IOCTL_H -DHAVE_SYS_PARAM_H -DHAVE_SYS_POLL_H -DHAVE_SYS_RESOURCE_H -DHAVE_SYS_SELECT_H -DHAVE_SYS_SOCKET_H -DHAVE_SYS_SOCKIO_H -DHAVE_SYS_STAT_H -DHAVE_SYS_TIME_H -DHAVE_SYS_TYPES_H -DHAVE_SYS_UN_H -DHAVE_SYS_XATTR_H -DHAVE_ARPA_INET_H -DHAVE_FCNTL_H -DHAVE_IDN2_H -DHAVE_IFADDRS_H -DHAVE_LIBGEN_H -DHAVE_LOCALE_H -DHAVE_NET_IF_H -DHAVE_NETDB_H -DHAVE_NETINET_IN_H -DHAVE_NETINET_TCP_H -DHAVE_NETINET_UDP_H -DHAVE_POLL_H -DHAVE_PWD_H -DHAVE_STDATOMIC_H -DHAVE_STDBOOL_H -DHAVE_STDINT_H -DHAVE_STRINGS_H -DHAVE_TERMIOS_H -DHAVE_UNISTD_H -DHAVE_UTIME_H -arch arm64 -isysroot /Library/Developer/CommandLineTools/SDKs/MacOSX14.4.sdk -mmacosx-version-min=14.3 -o CMakeFiles/cmTC_eaacd.dir/CurlTests.c.o -c "/Users/ramanlamba/Desktop/deribit/oems/out/build/GCC 14.2.0 aarch64-apple-darwin23/_deps/curl-src/CMake/CurlTests.c"
/Users/ramanlamba/Desktop/deribit/oems/out/build/GCC 14.2.0 aarch64-apple-darwin23/_deps/curl-src/CMake/CurlTests.c: In function 'main':
/Users/ramanlamba/Desktop/deribit/oems/out/build/GCC 14.2.0 aarch64-apple-darwin23/_deps/curl-src/CMake/CurlTests.c:75:19: warning: initialization discards 'const' qualifier from pointer target type [-Wdiscarded-qualifiers]
   75 |   char *address = "example.com";
      |                   ^~~~~~~~~~~~~
/Users/ramanlamba/Desktop/deribit/oems/out/build/GCC 14.2.0 aarch64-apple-darwin23/_deps/curl-src/CMake/CurlTests.c:97:8: error: implicit declaration of function 'gethostbyname_r'; did you mean 'gethostbyname2'? [-Wimplicit-function-declaration]
   97 |   rc = gethostbyname_r(address, &h, buffer, 8192, &h_errnop);
      |        ^~~~~~~~~~~~~~~
      |        gethostbyname2
/Users/ramanlamba/Desktop/deribit/oems/out/build/GCC 14.2.0 aarch64-apple-darwin23/_deps/curl-src/CMake/CurlTests.c:97:8: warning: nested extern declaration of 'gethostbyname_r' [-Wnested-externs]
make[1]: *** [CMakeFiles/cmTC_eaacd.dir/CurlTests.c.o] Error 1
make: *** [cmTC_eaacd/fast] Error 2


Performing Curl Test HAVE_GETHOSTBYNAME_R_6 failed with the following output:
Change Dir: /Users/ramanlamba/Desktop/deribit/oems/out/build/GCC 14.2.0 aarch64-apple-darwin23/CMakeFiles/CMakeTmp

Run Build Command(s):/Users/ramanlamba/micromamba/lib/python3.9/site-packages/cmake/data/bin/cmake -E env VERBOSE=1 /usr/bin/make -f Makefile cmTC_b2b1a/fast && /Library/Developer/CommandLineTools/usr/bin/make  -f CMakeFiles/cmTC_b2b1a.dir/build.make CMakeFiles/cmTC_b2b1a.dir/build
Building C object CMakeFiles/cmTC_b2b1a.dir/CurlTests.c.o
/opt/homebrew/bin/aarch64-apple-darwin23-gcc-14   -W -Wall -pedantic -Wbad-function-cast -Wconversion -Winline -Wmissing-declarations -Wmissing-prototypes -Wnested-externs -Wno-long-long -Wno-multichar -Wpointer-arith -Wshadow -Wsign-compare -Wundef -Wunused -Wwrite-strings -Wcast-align -Wdeclaration-after-statement -Wempty-body -Wendif-labels -Wfloat-equal -Wignored-qualifiers -Wno-format-nonliteral -Wno-sign-conversion -Wno-system-headers -Wstrict-prototypes -Wtype-limits -Wvla -Wmissing-parameter-type -Wold-style-declaration -Wstrict-aliasing=3 -Wformat=2 -Warray-bounds=2 -ftree-vrp -Wduplicated-cond -Wnull-dereference -fdelete-null-pointer-checks -Wshift-negative-value -Wshift-overflow=2 -Walloc-zero -Wduplicated-branches -Wformat-overflow=2 -Wformat-truncation=1 -Wrestrict -Warith-conversion -Wdouble-promotion -Wenum-conversion -Wunused-const-variable -DHAVE_GETHOSTBYNAME_R_6  -DHAVE_INTTYPES_H -DHAVE_SYS_FILIO_H -DHAVE_SYS_WAIT_H -DHAVE_SYS_IOCTL_H -DHAVE_SYS_PARAM_H -DHAVE_SYS_POLL_H -DHAVE_SYS_RESOURCE_H -DHAVE_SYS_SELECT_H -DHAVE_SYS_SOCKET_H -DHAVE_SYS_SOCKIO_H -DHAVE_SYS_STAT_H -DHAVE_SYS_TIME_H -DHAVE_SYS_TYPES_H -DHAVE_SYS_UN_H -DHAVE_SYS_XATTR_H -DHAVE_ARPA_INET_H -DHAVE_FCNTL_H -DHAVE_IDN2_H -DHAVE_IFADDRS_H -DHAVE_LIBGEN_H -DHAVE_LOCALE_H -DHAVE_NET_IF_H -DHAVE_NETDB_H -DHAVE_NETINET_IN_H -DHAVE_NETINET_TCP_H -DHAVE_NETINET_UDP_H -DHAVE_POLL_H -DHAVE_PWD_H -DHAVE_STDATOMIC_H -DHAVE_STDBOOL_H -DHAVE_STDINT_H -DHAVE_STRINGS_H -DHAVE_TERMIOS_H -DHAVE_UNISTD_H -DHAVE_UTIME_H -arch arm64 -isysroot /Library/Developer/CommandLineTools/SDKs/MacOSX14.4.sdk -mmacosx-version-min=14.3 -o CMakeFiles/cmTC_b2b1a.dir/CurlTests.c.o -c "/Users/ramanlamba/Desktop/deribit/oems/out/build/GCC 14.2.0 aarch64-apple-darwin23/_deps/curl-src/CMake/CurlTests.c"
/Users/ramanlamba/Desktop/deribit/oems/out/build/GCC 14.2.0 aarch64-apple-darwin23/_deps/curl-src/CMake/CurlTests.c: In function 'main':
/Users/ramanlamba/Desktop/deribit/oems/out/build/GCC 14.2.0 aarch64-apple-darwin23/_deps/curl-src/CMake/CurlTests.c:75:19: warning: initialization discards 'const' qualifier from pointer target type [-Wdiscarded-qualifiers]
   75 |   char *address = "example.com";
      |                   ^~~~~~~~~~~~~
/Users/ramanlamba/Desktop/deribit/oems/out/build/GCC 14.2.0 aarch64-apple-darwin23/_deps/curl-src/CMake/CurlTests.c:101:8: error: implicit declaration of function 'gethostbyname_r'; did you mean 'gethostbyname2'? [-Wimplicit-function-declaration]
  101 |   rc = gethostbyname_r(address, &h, buffer, 8192, &hp, &h_errnop);
      |        ^~~~~~~~~~~~~~~
      |        gethostbyname2
/Users/ramanlamba/Desktop/deribit/oems/out/build/GCC 14.2.0 aarch64-apple-darwin23/_deps/curl-src/CMake/CurlTests.c:101:8: warning: nested extern declaration of 'gethostbyname_r' [-Wnested-externs]
make[1]: *** [CMakeFiles/cmTC_b2b1a.dir/CurlTests.c.o] Error 1
make: *** [cmTC_b2b1a/fast] Error 2


Performing Curl Test HAVE_GETHOSTBYNAME_R_3_REENTRANT failed with the following output:
Change Dir: /Users/ramanlamba/Desktop/deribit/oems/out/build/GCC 14.2.0 aarch64-apple-darwin23/CMakeFiles/CMakeTmp

Run Build Command(s):/Users/ramanlamba/micromamba/lib/python3.9/site-packages/cmake/data/bin/cmake -E env VERBOSE=1 /usr/bin/make -f Makefile cmTC_4a1d9/fast && /Library/Developer/CommandLineTools/usr/bin/make  -f CMakeFiles/cmTC_4a1d9.dir/build.make CMakeFiles/cmTC_4a1d9.dir/build
Building C object CMakeFiles/cmTC_4a1d9.dir/CurlTests.c.o
/opt/homebrew/bin/aarch64-apple-darwin23-gcc-14   -W -Wall -pedantic -Wbad-function-cast -Wconversion -Winline -Wmissing-declarations -Wmissing-prototypes -Wnested-externs -Wno-long-long -Wno-multichar -Wpointer-arith -Wshadow -Wsign-compare -Wundef -Wunused -Wwrite-strings -Wcast-align -Wdeclaration-after-statement -Wempty-body -Wendif-labels -Wfloat-equal -Wignored-qualifiers -Wno-format-nonliteral -Wno-sign-conversion -Wno-system-headers -Wstrict-prototypes -Wtype-limits -Wvla -Wmissing-parameter-type -Wold-style-declaration -Wstrict-aliasing=3 -Wformat=2 -Warray-bounds=2 -ftree-vrp -Wduplicated-cond -Wnull-dereference -fdelete-null-pointer-checks -Wshift-negative-value -Wshift-overflow=2 -Walloc-zero -Wduplicated-branches -Wformat-overflow=2 -Wformat-truncation=1 -Wrestrict -Warith-conversion -Wdouble-promotion -Wenum-conversion -Wunused-const-variable -DHAVE_GETHOSTBYNAME_R_3_REENTRANT  -DHAVE_INTTYPES_H -DHAVE_SYS_FILIO_H -DHAVE_SYS_WAIT_H -DHAVE_SYS_IOCTL_H -DHAVE_SYS_PARAM_H -DHAVE_SYS_POLL_H -DHAVE_SYS_RESOURCE_H -DHAVE_SYS_SELECT_H -DHAVE_SYS_SOCKET_H -DHAVE_SYS_SOCKIO_H -DHAVE_SYS_STAT_H -DHAVE_SYS_TIME_H -DHAVE_SYS_TYPES_H -DHAVE_SYS_UN_H -DHAVE_SYS_XATTR_H -DHAVE_ARPA_INET_H -DHAVE_FCNTL_H -DHAVE_IDN2_H -DHAVE_IFADDRS_H -DHAVE_LIBGEN_H -DHAVE_LOCALE_H -DHAVE_NET_IF_H -DHAVE_NETDB_H -DHAVE_NETINET_IN_H -DHAVE_NETINET_TCP_H -DHAVE_NETINET_UDP_H -DHAVE_POLL_H -DHAVE_PWD_H -DHAVE_STDATOMIC_H -DHAVE_STDBOOL_H -DHAVE_STDINT_H -DHAVE_STRINGS_H -DHAVE_TERMIOS_H -DHAVE_UNISTD_H -DHAVE_UTIME_H -arch arm64 -isysroot /Library/Developer/CommandLineTools/SDKs/MacOSX14.4.sdk -mmacosx-version-min=14.3 -o CMakeFiles/cmTC_4a1d9.dir/CurlTests.c.o -c "/Users/ramanlamba/Desktop/deribit/oems/out/build/GCC 14.2.0 aarch64-apple-darwin23/_deps/curl-src/CMake/CurlTests.c"
/Users/ramanlamba/Desktop/deribit/oems/out/build/GCC 14.2.0 aarch64-apple-darwin23/_deps/curl-src/CMake/CurlTests.c: In function 'main':
/Users/ramanlamba/Desktop/deribit/oems/out/build/GCC 14.2.0 aarch64-apple-darwin23/_deps/curl-src/CMake/CurlTests.c:75:19: warning: initialization discards 'const' qualifier from pointer target type [-Wdiscarded-qualifiers]
   75 |   char *address = "example.com";
      |                   ^~~~~~~~~~~~~
/Users/ramanlamba/Desktop/deribit/oems/out/build/GCC 14.2.0 aarch64-apple-darwin23/_deps/curl-src/CMake/CurlTests.c:82:23: error: storage size of 'hdata' isn't known
   82 |   struct hostent_data hdata;
      |                       ^~~~~
/Users/ramanlamba/Desktop/deribit/oems/out/build/GCC 14.2.0 aarch64-apple-darwin23/_deps/curl-src/CMake/CurlTests.c:94:8: error: implicit declaration of function 'gethostbyname_r'; did you mean 'gethostbyname2'? [-Wimplicit-function-declaration]
   94 |   rc = gethostbyname_r(address, &h, &hdata);
      |        ^~~~~~~~~~~~~~~
      |        gethostbyname2
/Users/ramanlamba/Desktop/deribit/oems/out/build/GCC 14.2.0 aarch64-apple-darwin23/_deps/curl-src/CMake/CurlTests.c:94:8: warning: nested extern declaration of 'gethostbyname_r' [-Wnested-externs]
/Users/ramanlamba/Desktop/deribit/oems/out/build/GCC 14.2.0 aarch64-apple-darwin23/_deps/curl-src/CMake/CurlTests.c:82:23: warning: unused variable 'hdata' [-Wunused-variable]
   82 |   struct hostent_data hdata;
      |                       ^~~~~
make[1]: *** [CMakeFiles/cmTC_4a1d9.dir/CurlTests.c.o] Error 1
make: *** [cmTC_4a1d9/fast] Error 2


Performing Curl Test HAVE_GETHOSTBYNAME_R_5_REENTRANT failed with the following output:
Change Dir: /Users/ramanlamba/Desktop/deribit/oems/out/build/GCC 14.2.0 aarch64-apple-darwin23/CMakeFiles/CMakeTmp

Run Build Command(s):/Users/ramanlamba/micromamba/lib/python3.9/site-packages/cmake/data/bin/cmake -E env VERBOSE=1 /usr/bin/make -f Makefile cmTC_aa95d/fast && /Library/Developer/CommandLineTools/usr/bin/make  -f CMakeFiles/cmTC_aa95d.dir/build.make CMakeFiles/cmTC_aa95d.dir/build
Building C object CMakeFiles/cmTC_aa95d.dir/CurlTests.c.o
/opt/homebrew/bin/aarch64-apple-darwin23-gcc-14   -W -Wall -pedantic -Wbad-function-cast -Wconversion -Winline -Wmissing-declarations -Wmissing-prototypes -Wnested-externs -Wno-long-long -Wno-multichar -Wpointer-arith -Wshadow -Wsign-compare -Wundef -Wunused -Wwrite-strings -Wcast-align -Wdeclaration-after-statement -Wempty-body -Wendif-labels -Wfloat-equal -Wignored-qualifiers -Wno-format-nonliteral -Wno-sign-conversion -Wno-system-headers -Wstrict-prototypes -Wtype-limits -Wvla -Wmissing-parameter-type -Wold-style-declaration -Wstrict-aliasing=3 -Wformat=2 -Warray-bounds=2 -ftree-vrp -Wduplicated-cond -Wnull-dereference -fdelete-null-pointer-checks -Wshift-negative-value -Wshift-overflow=2 -Walloc-zero -Wduplicated-branches -Wformat-overflow=2 -Wformat-truncation=1 -Wrestrict -Warith-conversion -Wdouble-promotion -Wenum-conversion -Wunused-const-variable -DHAVE_GETHOSTBYNAME_R_5_REENTRANT  -DHAVE_INTTYPES_H -DHAVE_SYS_FILIO_H -DHAVE_SYS_WAIT_H -DHAVE_SYS_IOCTL_H -DHAVE_SYS_PARAM_H -DHAVE_SYS_POLL_H -DHAVE_SYS_RESOURCE_H -DHAVE_SYS_SELECT_H -DHAVE_SYS_SOCKET_H -DHAVE_SYS_SOCKIO_H -DHAVE_SYS_STAT_H -DHAVE_SYS_TIME_H -DHAVE_SYS_TYPES_H -DHAVE_SYS_UN_H -DHAVE_SYS_XATTR_H -DHAVE_ARPA_INET_H -DHAVE_FCNTL_H -DHAVE_IDN2_H -DHAVE_IFADDRS_H -DHAVE_LIBGEN_H -DHAVE_LOCALE_H -DHAVE_NET_IF_H -DHAVE_NETDB_H -DHAVE_NETINET_IN_H -DHAVE_NETINET_TCP_H -DHAVE_NETINET_UDP_H -DHAVE_POLL_H -DHAVE_PWD_H -DHAVE_STDATOMIC_H -DHAVE_STDBOOL_H -DHAVE_STDINT_H -DHAVE_STRINGS_H -DHAVE_TERMIOS_H -DHAVE_UNISTD_H -DHAVE_UTIME_H -arch arm64 -isysroot /Library/Developer/CommandLineTools/SDKs/MacOSX14.4.sdk -mmacosx-version-min=14.3 -o CMakeFiles/cmTC_aa95d.dir/CurlTests.c.o -c "/Users/ramanlamba/Desktop/deribit/oems/out/build/GCC 14.2.0 aarch64-apple-darwin23/_deps/curl-src/CMake/CurlTests.c"
/Users/ramanlamba/Desktop/deribit/oems/out/build/GCC 14.2.0 aarch64-apple-darwin23/_deps/curl-src/CMake/CurlTests.c: In function 'main':
/Users/ramanlamba/Desktop/deribit/oems/out/build/GCC 14.2.0 aarch64-apple-darwin23/_deps/curl-src/CMake/CurlTests.c:75:19: warning: initialization discards 'const' qualifier from pointer target type [-Wdiscarded-qualifiers]
   75 |   char *address = "example.com";
      |                   ^~~~~~~~~~~~~
/Users/ramanlamba/Desktop/deribit/oems/out/build/GCC 14.2.0 aarch64-apple-darwin23/_deps/curl-src/CMake/CurlTests.c:97:8: error: implicit declaration of function 'gethostbyname_r'; did you mean 'gethostbyname2'? [-Wimplicit-function-declaration]
   97 |   rc = gethostbyname_r(address, &h, buffer, 8192, &h_errnop);
      |        ^~~~~~~~~~~~~~~
      |        gethostbyname2
/Users/ramanlamba/Desktop/deribit/oems/out/build/GCC 14.2.0 aarch64-apple-darwin23/_deps/curl-src/CMake/CurlTests.c:97:8: warning: nested extern declaration of 'gethostbyname_r' [-Wnested-externs]
make[1]: *** [CMakeFiles/cmTC_aa95d.dir/CurlTests.c.o] Error 1
make: *** [cmTC_aa95d/fast] Error 2


Performing Curl Test HAVE_GETHOSTBYNAME_R_6_REENTRANT failed with the following output:
Change Dir: /Users/ramanlamba/Desktop/deribit/oems/out/build/GCC 14.2.0 aarch64-apple-darwin23/CMakeFiles/CMakeTmp

Run Build Command(s):/Users/ramanlamba/micromamba/lib/python3.9/site-packages/cmake/data/bin/cmake -E env VERBOSE=1 /usr/bin/make -f Makefile cmTC_61518/fast && /Library/Developer/CommandLineTools/usr/bin/make  -f CMakeFiles/cmTC_61518.dir/build.make CMakeFiles/cmTC_61518.dir/build
Building C object CMakeFiles/cmTC_61518.dir/CurlTests.c.o
/opt/homebrew/bin/aarch64-apple-darwin23-gcc-14   -W -Wall -pedantic -Wbad-function-cast -Wconversion -Winline -Wmissing-declarations -Wmissing-prototypes -Wnested-externs -Wno-long-long -Wno-multichar -Wpointer-arith -Wshadow -Wsign-compare -Wundef -Wunused -Wwrite-strings -Wcast-align -Wdeclaration-after-statement -Wempty-body -Wendif-labels -Wfloat-equal -Wignored-qualifiers -Wno-format-nonliteral -Wno-sign-conversion -Wno-system-headers -Wstrict-prototypes -Wtype-limits -Wvla -Wmissing-parameter-type -Wold-style-declaration -Wstrict-aliasing=3 -Wformat=2 -Warray-bounds=2 -ftree-vrp -Wduplicated-cond -Wnull-dereference -fdelete-null-pointer-checks -Wshift-negative-value -Wshift-overflow=2 -Walloc-zero -Wduplicated-branches -Wformat-overflow=2 -Wformat-truncation=1 -Wrestrict -Warith-conversion -Wdouble-promotion -Wenum-conversion -Wunused-const-variable -DHAVE_GETHOSTBYNAME_R_6_REENTRANT  -DHAVE_INTTYPES_H -DHAVE_SYS_FILIO_H -DHAVE_SYS_WAIT_H -DHAVE_SYS_IOCTL_H -DHAVE_SYS_PARAM_H -DHAVE_SYS_POLL_H -DHAVE_SYS_RESOURCE_H -DHAVE_SYS_SELECT_H -DHAVE_SYS_SOCKET_H -DHAVE_SYS_SOCKIO_H -DHAVE_SYS_STAT_H -DHAVE_SYS_TIME_H -DHAVE_SYS_TYPES_H -DHAVE_SYS_UN_H -DHAVE_SYS_XATTR_H -DHAVE_ARPA_INET_H -DHAVE_FCNTL_H -DHAVE_IDN2_H -DHAVE_IFADDRS_H -DHAVE_LIBGEN_H -DHAVE_LOCALE_H -DHAVE_NET_IF_H -DHAVE_NETDB_H -DHAVE_NETINET_IN_H -DHAVE_NETINET_TCP_H -DHAVE_NETINET_UDP_H -DHAVE_POLL_H -DHAVE_PWD_H -DHAVE_STDATOMIC_H -DHAVE_STDBOOL_H -DHAVE_STDINT_H -DHAVE_STRINGS_H -DHAVE_TERMIOS_H -DHAVE_UNISTD_H -DHAVE_UTIME_H -arch arm64 -isysroot /Library/Developer/CommandLineTools/SDKs/MacOSX14.4.sdk -mmacosx-version-min=14.3 -o CMakeFiles/cmTC_61518.dir/CurlTests.c.o -c "/Users/ramanlamba/Desktop/deribit/oems/out/build/GCC 14.2.0 aarch64-apple-darwin23/_deps/curl-src/CMake/CurlTests.c"
/Users/ramanlamba/Desktop/deribit/oems/out/build/GCC 14.2.0 aarch64-apple-darwin23/_deps/curl-src/CMake/CurlTests.c: In function 'main':
/Users/ramanlamba/Desktop/deribit/oems/out/build/GCC 14.2.0 aarch64-apple-darwin23/_deps/curl-src/CMake/CurlTests.c:75:19: warning: initialization discards 'const' qualifier from pointer target type [-Wdiscarded-qualifiers]
   75 |   char *address = "example.com";
      |                   ^~~~~~~~~~~~~
/Users/ramanlamba/Desktop/deribit/oems/out/build/GCC 14.2.0 aarch64-apple-darwin23/_deps/curl-src/CMake/CurlTests.c:101:8: error: implicit declaration of function 'gethostbyname_r'; did you mean 'gethostbyname2'? [-Wimplicit-function-declaration]
  101 |   rc = gethostbyname_r(address, &h, buffer, 8192, &hp, &h_errnop);
      |        ^~~~~~~~~~~~~~~
      |        gethostbyname2
/Users/ramanlamba/Desktop/deribit/oems/out/build/GCC 14.2.0 aarch64-apple-darwin23/_deps/curl-src/CMake/CurlTests.c:101:8: warning: nested extern declaration of 'gethostbyname_r' [-Wnested-externs]
make[1]: *** [CMakeFiles/cmTC_61518.dir/CurlTests.c.o] Error 1
make: *** [cmTC_61518/fast] Error 2


Performing Curl Test HAVE_GLIBC_STRERROR_R failed with the following output:
Change Dir: /Users/ramanlamba/Desktop/deribit/oems/out/build/GCC 14.2.0 aarch64-apple-darwin23/CMakeFiles/CMakeTmp

Run Build Command(s):/Users/ramanlamba/micromamba/lib/python3.9/site-packages/cmake/data/bin/cmake -E env VERBOSE=1 /usr/bin/make -f Makefile cmTC_ce9fc/fast && /Library/Developer/CommandLineTools/usr/bin/make  -f CMakeFiles/cmTC_ce9fc.dir/build.make CMakeFiles/cmTC_ce9fc.dir/build
Building C object CMakeFiles/cmTC_ce9fc.dir/CurlTests.c.o
/opt/homebrew/bin/aarch64-apple-darwin23-gcc-14   -W -Wall -pedantic -Wbad-function-cast -Wconversion -Winline -Wmissing-declarations -Wmissing-prototypes -Wnested-externs -Wno-long-long -Wno-multichar -Wpointer-arith -Wshadow -Wsign-compare -Wundef -Wunused -Wwrite-strings -Wcast-align -Wdeclaration-after-statement -Wempty-body -Wendif-labels -Wfloat-equal -Wignored-qualifiers -Wno-format-nonliteral -Wno-sign-conversion -Wno-system-headers -Wstrict-prototypes -Wtype-limits -Wvla -Wmissing-parameter-type -Wold-style-declaration -Wstrict-aliasing=3 -Wformat=2 -Warray-bounds=2 -ftree-vrp -Wduplicated-cond -Wnull-dereference -fdelete-null-pointer-checks -Wshift-negative-value -Wshift-overflow=2 -Walloc-zero -Wduplicated-branches -Wformat-overflow=2 -Wformat-truncation=1 -Wrestrict -Warith-conversion -Wdouble-promotion -Wenum-conversion -Wunused-const-variable -DHAVE_GLIBC_STRERROR_R  -DHAVE_INTTYPES_H -DHAVE_SYS_FILIO_H -DHAVE_SYS_WAIT_H -DHAVE_SYS_IOCTL_H -DHAVE_SYS_PARAM_H -DHAVE_SYS_POLL_H -DHAVE_SYS_RESOURCE_H -DHAVE_SYS_SELECT_H -DHAVE_SYS_SOCKET_H -DHAVE_SYS_SOCKIO_H -DHAVE_SYS_STAT_H -DHAVE_SYS_TIME_H -DHAVE_SYS_TYPES_H -DHAVE_SYS_UN_H -DHAVE_SYS_XATTR_H -DHAVE_ARPA_INET_H -DHAVE_FCNTL_H -DHAVE_IDN2_H -DHAVE_IFADDRS_H -DHAVE_LIBGEN_H -DHAVE_LOCALE_H -DHAVE_NET_IF_H -DHAVE_NETDB_H -DHAVE_NETINET_IN_H -DHAVE_NETINET_TCP_H -DHAVE_NETINET_UDP_H -DHAVE_POLL_H -DHAVE_PWD_H -DHAVE_STDATOMIC_H -DHAVE_STDBOOL_H -DHAVE_STDINT_H -DHAVE_STRINGS_H -DHAVE_TERMIOS_H -DHAVE_UNISTD_H -DHAVE_UTIME_H -arch arm64 -isysroot /Library/Developer/CommandLineTools/SDKs/MacOSX14.4.sdk -mmacosx-version-min=14.3 -o CMakeFiles/cmTC_ce9fc.dir/CurlTests.c.o -c "/Users/ramanlamba/Desktop/deribit/oems/out/build/GCC 14.2.0 aarch64-apple-darwin23/_deps/curl-src/CMake/CurlTests.c"
/Users/ramanlamba/Desktop/deribit/oems/out/build/GCC 14.2.0 aarch64-apple-darwin23/_deps/curl-src/CMake/CurlTests.c:377:6: warning: no previous prototype for 'check' [-Wmissing-prototypes]
  377 | void check(char c) {}
      |      ^~~~~
/Users/ramanlamba/Desktop/deribit/oems/out/build/GCC 14.2.0 aarch64-apple-darwin23/_deps/curl-src/CMake/CurlTests.c: In function 'check':
/Users/ramanlamba/Desktop/deribit/oems/out/build/GCC 14.2.0 aarch64-apple-darwin23/_deps/curl-src/CMake/CurlTests.c:377:17: warning: unused parameter 'c' [-Wunused-parameter]
  377 | void check(char c) {}
      |            ~~~~~^
/Users/ramanlamba/Desktop/deribit/oems/out/build/GCC 14.2.0 aarch64-apple-darwin23/_deps/curl-src/CMake/CurlTests.c: At top level:
/Users/ramanlamba/Desktop/deribit/oems/out/build/GCC 14.2.0 aarch64-apple-darwin23/_deps/curl-src/CMake/CurlTests.c:380:1: warning: function declaration isn't a prototype [-Wstrict-prototypes]
  380 | main () {
      | ^~~~
/Users/ramanlamba/Desktop/deribit/oems/out/build/GCC 14.2.0 aarch64-apple-darwin23/_deps/curl-src/CMake/CurlTests.c: In function 'main':
/Users/ramanlamba/Desktop/deribit/oems/out/build/GCC 14.2.0 aarch64-apple-darwin23/_deps/curl-src/CMake/CurlTests.c:383:51: error: subscripted value is neither array nor pointer nor vector
  383 |   check(strerror_r(EACCES, buffer, sizeof(buffer))[0]);
      |                                                   ^
make[1]: *** [CMakeFiles/cmTC_ce9fc.dir/CurlTests.c.o] Error 1
make: *** [cmTC_ce9fc/fast] Error 2


Performing Curl Test HAVE_BUILTIN_AVAILABLE failed with the following output:
Change Dir: /Users/ramanlamba/Desktop/deribit/oems/out/build/GCC 14.2.0 aarch64-apple-darwin23/CMakeFiles/CMakeTmp

Run Build Command(s):/Users/ramanlamba/micromamba/lib/python3.9/site-packages/cmake/data/bin/cmake -E env VERBOSE=1 /usr/bin/make -f Makefile cmTC_a0947/fast && /Library/Developer/CommandLineTools/usr/bin/make  -f CMakeFiles/cmTC_a0947.dir/build.make CMakeFiles/cmTC_a0947.dir/build
Building C object CMakeFiles/cmTC_a0947.dir/CurlTests.c.o
/opt/homebrew/bin/aarch64-apple-darwin23-gcc-14   -W -Wall -pedantic -Wbad-function-cast -Wconversion -Winline -Wmissing-declarations -Wmissing-prototypes -Wnested-externs -Wno-long-long -Wno-multichar -Wpointer-arith -Wshadow -Wsign-compare -Wundef -Wunused -Wwrite-strings -Wcast-align -Wdeclaration-after-statement -Wempty-body -Wendif-labels -Wfloat-equal -Wignored-qualifiers -Wno-format-nonliteral -Wno-sign-conversion -Wno-system-headers -Wstrict-prototypes -Wtype-limits -Wvla -Wmissing-parameter-type -Wold-style-declaration -Wstrict-aliasing=3 -Wformat=2 -Warray-bounds=2 -ftree-vrp -Wduplicated-cond -Wnull-dereference -fdelete-null-pointer-checks -Wshift-negative-value -Wshift-overflow=2 -Walloc-zero -Wduplicated-branches -Wformat-overflow=2 -Wformat-truncation=1 -Wrestrict -Warith-conversion -Wdouble-promotion -Wenum-conversion -Wunused-const-variable -DHAVE_BUILTIN_AVAILABLE  -DHAVE_INTTYPES_H -DHAVE_SYS_FILIO_H -DHAVE_SYS_WAIT_H -DHAVE_SYS_IOCTL_H -DHAVE_SYS_PARAM_H -DHAVE_SYS_POLL_H -DHAVE_SYS_RESOURCE_H -DHAVE_SYS_SELECT_H -DHAVE_SYS_SOCKET_H -DHAVE_SYS_SOCKIO_H -DHAVE_SYS_STAT_H -DHAVE_SYS_TIME_H -DHAVE_SYS_TYPES_H -DHAVE_SYS_UN_H -DHAVE_SYS_XATTR_H -DHAVE_ARPA_INET_H -DHAVE_FCNTL_H -DHAVE_IDN2_H -DHAVE_IFADDRS_H -DHAVE_LIBGEN_H -DHAVE_LOCALE_H -DHAVE_NET_IF_H -DHAVE_NETDB_H -DHAVE_NETINET_IN_H -DHAVE_NETINET_TCP_H -DHAVE_NETINET_UDP_H -DHAVE_POLL_H -DHAVE_PWD_H -DHAVE_STDATOMIC_H -DHAVE_STDBOOL_H -DHAVE_STDINT_H -DHAVE_STRINGS_H -DHAVE_TERMIOS_H -DHAVE_UNISTD_H -DHAVE_UTIME_H -arch arm64 -isysroot /Library/Developer/CommandLineTools/SDKs/MacOSX14.4.sdk -mmacosx-version-min=14.3 -o CMakeFiles/cmTC_a0947.dir/CurlTests.c.o -c "/Users/ramanlamba/Desktop/deribit/oems/out/build/GCC 14.2.0 aarch64-apple-darwin23/_deps/curl-src/CMake/CurlTests.c"
/Users/ramanlamba/Desktop/deribit/oems/out/build/GCC 14.2.0 aarch64-apple-darwin23/_deps/curl-src/CMake/CurlTests.c:429:1: warning: function declaration isn't a prototype [-Wstrict-prototypes]
  429 | main() {
      | ^~~~
/Users/ramanlamba/Desktop/deribit/oems/out/build/GCC 14.2.0 aarch64-apple-darwin23/_deps/curl-src/CMake/CurlTests.c: In function 'main':
/Users/ramanlamba/Desktop/deribit/oems/out/build/GCC 14.2.0 aarch64-apple-darwin23/_deps/curl-src/CMake/CurlTests.c:430:6: error: implicit declaration of function '__builtin_available'; did you mean '__builtin_scalbl'? [-Wimplicit-function-declaration]
  430 |   if(__builtin_available(macOS 10.12, *)) {}
      |      ^~~~~~~~~~~~~~~~~~~
      |      __builtin_scalbl
/Users/ramanlamba/Desktop/deribit/oems/out/build/GCC 14.2.0 aarch64-apple-darwin23/_deps/curl-src/CMake/CurlTests.c:430:6: warning: nested extern declaration of '__builtin_available' [-Wnested-externs]
/Users/ramanlamba/Desktop/deribit/oems/out/build/GCC 14.2.0 aarch64-apple-darwin23/_deps/curl-src/CMake/CurlTests.c:430:26: error: 'macOS' undeclared (first use in this function)
  430 |   if(__builtin_available(macOS 10.12, *)) {}
      |                          ^~~~~
/Users/ramanlamba/Desktop/deribit/oems/out/build/GCC 14.2.0 aarch64-apple-darwin23/_deps/curl-src/CMake/CurlTests.c:430:26: note: each undeclared identifier is reported only once for each function it appears in
/Users/ramanlamba/Desktop/deribit/oems/out/build/GCC 14.2.0 aarch64-apple-darwin23/_deps/curl-src/CMake/CurlTests.c:430:31: error: expected ')' before numeric constant
  430 |   if(__builtin_available(macOS 10.12, *)) {}
      |                         ~     ^~~~~~
      |                               )
make[1]: *** [CMakeFiles/cmTC_a0947.dir/CurlTests.c.o] Error 1
make: *** [cmTC_a0947/fast] Error 2


Performing Curl Test HAVE_FSETXATTR_5 failed with the following output:
Change Dir: /Users/ramanlamba/Desktop/deribit/oems/out/build/GCC 14.2.0 aarch64-apple-darwin23/CMakeFiles/CMakeTmp

Run Build Command(s):/Users/ramanlamba/micromamba/lib/python3.9/site-packages/cmake/data/bin/cmake -E env VERBOSE=1 /usr/bin/make -f Makefile cmTC_097a3/fast && /Library/Developer/CommandLineTools/usr/bin/make  -f CMakeFiles/cmTC_097a3.dir/build.make CMakeFiles/cmTC_097a3.dir/build
Building C object CMakeFiles/cmTC_097a3.dir/CurlTests.c.o
/opt/homebrew/bin/aarch64-apple-darwin23-gcc-14   -W -Wall -pedantic -Wbad-function-cast -Wconversion -Winline -Wmissing-declarations -Wmissing-prototypes -Wnested-externs -Wno-long-long -Wno-multichar -Wpointer-arith -Wshadow -Wsign-compare -Wundef -Wunused -Wwrite-strings -Wcast-align -Wdeclaration-after-statement -Wempty-body -Wendif-labels -Wfloat-equal -Wignored-qualifiers -Wno-format-nonliteral -Wno-sign-conversion -Wno-system-headers -Wstrict-prototypes -Wtype-limits -Wvla -Wmissing-parameter-type -Wold-style-declaration -Wstrict-aliasing=3 -Wformat=2 -Warray-bounds=2 -ftree-vrp -Wduplicated-cond -Wnull-dereference -fdelete-null-pointer-checks -Wshift-negative-value -Wshift-overflow=2 -Walloc-zero -Wduplicated-branches -Wformat-overflow=2 -Wformat-truncation=1 -Wrestrict -Warith-conversion -Wdouble-promotion -Wenum-conversion -Wunused-const-variable -DHAVE_FSETXATTR_5  -DHAVE_INTTYPES_H -DHAVE_SYS_FILIO_H -DHAVE_SYS_WAIT_H -DHAVE_SYS_IOCTL_H -DHAVE_SYS_PARAM_H -DHAVE_SYS_POLL_H -DHAVE_SYS_RESOURCE_H -DHAVE_SYS_SELECT_H -DHAVE_SYS_SOCKET_H -DHAVE_SYS_SOCKIO_H -DHAVE_SYS_STAT_H -DHAVE_SYS_TIME_H -DHAVE_SYS_TYPES_H -DHAVE_SYS_UN_H -DHAVE_SYS_XATTR_H -DHAVE_ARPA_INET_H -DHAVE_FCNTL_H -DHAVE_IDN2_H -DHAVE_IFADDRS_H -DHAVE_LIBGEN_H -DHAVE_LOCALE_H -DHAVE_NET_IF_H -DHAVE_NETDB_H -DHAVE_NETINET_IN_H -DHAVE_NETINET_TCP_H -DHAVE_NETINET_UDP_H -DHAVE_POLL_H -DHAVE_PWD_H -DHAVE_STDATOMIC_H -DHAVE_STDBOOL_H -DHAVE_STDINT_H -DHAVE_STRINGS_H -DHAVE_TERMIOS_H -DHAVE_UNISTD_H -DHAVE_UTIME_H -arch arm64 -isysroot /Library/Developer/CommandLineTools/SDKs/MacOSX14.4.sdk -mmacosx-version-min=14.3 -o CMakeFiles/cmTC_097a3.dir/CurlTests.c.o -c "/Users/ramanlamba/Desktop/deribit/oems/out/build/GCC 14.2.0 aarch64-apple-darwin23/_deps/curl-src/CMake/CurlTests.c"
/Users/ramanlamba/Desktop/deribit/oems/out/build/GCC 14.2.0 aarch64-apple-darwin23/_deps/curl-src/CMake/CurlTests.c:413:1: warning: function declaration isn't a prototype [-Wstrict-prototypes]
  413 | main() {
      | ^~~~
/Users/ramanlamba/Desktop/deribit/oems/out/build/GCC 14.2.0 aarch64-apple-darwin23/_deps/curl-src/CMake/CurlTests.c: In function 'main':
/Users/ramanlamba/Desktop/deribit/oems/out/build/GCC 14.2.0 aarch64-apple-darwin23/_deps/curl-src/CMake/CurlTests.c:414:3: error: too few arguments to function 'fsetxattr'
  414 |   fsetxattr(0, 0, 0, 0, 0);
      |   ^~~~~~~~~
In file included from /Users/ramanlamba/Desktop/deribit/oems/out/build/GCC 14.2.0 aarch64-apple-darwin23/_deps/curl-src/CMake/CurlTests.c:411:
/Library/Developer/CommandLineTools/SDKs/MacOSX14.4.sdk/usr/include/sys/xattr.h:67:5: note: declared here
   67 | int fsetxattr(int fd, const char *name, const void *value, size_t size, u_int32_t position, int options);
      |     ^~~~~~~~~
make[1]: *** [CMakeFiles/cmTC_097a3.dir/CurlTests.c.o] Error 1
make: *** [cmTC_097a3/fast] Error 2


Performing Curl Test HAVE_IOCTLSOCKET failed with the following output:
Change Dir: /Users/ramanlamba/Desktop/deribit/oems/out/build/GCC 14.2.0 aarch64-apple-darwin23/CMakeFiles/CMakeTmp

Run Build Command(s):/Users/ramanlamba/micromamba/lib/python3.9/site-packages/cmake/data/bin/cmake -E env VERBOSE=1 /usr/bin/make -f Makefile cmTC_a6794/fast && /Library/Developer/CommandLineTools/usr/bin/make  -f CMakeFiles/cmTC_a6794.dir/build.make CMakeFiles/cmTC_a6794.dir/build
Building C object CMakeFiles/cmTC_a6794.dir/CurlTests.c.o
/opt/homebrew/bin/aarch64-apple-darwin23-gcc-14   -W -Wall -pedantic -Wbad-function-cast -Wconversion -Winline -Wmissing-declarations -Wmissing-prototypes -Wnested-externs -Wno-long-long -Wno-multichar -Wpointer-arith -Wshadow -Wsign-compare -Wundef -Wunused -Wwrite-strings -Wcast-align -Wdeclaration-after-statement -Wempty-body -Wendif-labels -Wfloat-equal -Wignored-qualifiers -Wno-format-nonliteral -Wno-sign-conversion -Wno-system-headers -Wstrict-prototypes -Wtype-limits -Wvla -Wmissing-parameter-type -Wold-style-declaration -Wstrict-aliasing=3 -Wformat=2 -Warray-bounds=2 -ftree-vrp -Wduplicated-cond -Wnull-dereference -fdelete-null-pointer-checks -Wshift-negative-value -Wshift-overflow=2 -Walloc-zero -Wduplicated-branches -Wformat-overflow=2 -Wformat-truncation=1 -Wrestrict -Warith-conversion -Wdouble-promotion -Wenum-conversion -Wunused-const-variable -DHAVE_IOCTLSOCKET  -DHAVE_INTTYPES_H -DHAVE_SYS_FILIO_H -DHAVE_SYS_WAIT_H -DHAVE_SYS_IOCTL_H -DHAVE_SYS_PARAM_H -DHAVE_SYS_POLL_H -DHAVE_SYS_RESOURCE_H -DHAVE_SYS_SELECT_H -DHAVE_SYS_SOCKET_H -DHAVE_SYS_SOCKIO_H -DHAVE_SYS_STAT_H -DHAVE_SYS_TIME_H -DHAVE_SYS_TYPES_H -DHAVE_SYS_UN_H -DHAVE_SYS_XATTR_H -DHAVE_ARPA_INET_H -DHAVE_FCNTL_H -DHAVE_IDN2_H -DHAVE_IFADDRS_H -DHAVE_LIBGEN_H -DHAVE_LOCALE_H -DHAVE_NET_IF_H -DHAVE_NETDB_H -DHAVE_NETINET_IN_H -DHAVE_NETINET_TCP_H -DHAVE_NETINET_UDP_H -DHAVE_POLL_H -DHAVE_PWD_H -DHAVE_STDATOMIC_H -DHAVE_STDBOOL_H -DHAVE_STDINT_H -DHAVE_STRINGS_H -DHAVE_TERMIOS_H -DHAVE_UNISTD_H -DHAVE_UTIME_H -arch arm64 -isysroot /Library/Developer/CommandLineTools/SDKs/MacOSX14.4.sdk -mmacosx-version-min=14.3 -o CMakeFiles/cmTC_a6794.dir/CurlTests.c.o -c "/Users/ramanlamba/Desktop/deribit/oems/out/build/GCC 14.2.0 aarch64-apple-darwin23/_deps/curl-src/CMake/CurlTests.c"
/Users/ramanlamba/Desktop/deribit/oems/out/build/GCC 14.2.0 aarch64-apple-darwin23/_deps/curl-src/CMake/CurlTests.c:199:1: warning: function declaration isn't a prototype [-Wstrict-prototypes]
  199 | main ()
      | ^~~~
/Users/ramanlamba/Desktop/deribit/oems/out/build/GCC 14.2.0 aarch64-apple-darwin23/_deps/curl-src/CMake/CurlTests.c: In function 'main':
/Users/ramanlamba/Desktop/deribit/oems/out/build/GCC 14.2.0 aarch64-apple-darwin23/_deps/curl-src/CMake/CurlTests.c:204:24: error: implicit declaration of function 'ioctlsocket' [-Wimplicit-function-declaration]
  204 |  unsigned long flags = ioctlsocket(socket, FIONBIO, &flags);
      |                        ^~~~~~~~~~~
/Users/ramanlamba/Desktop/deribit/oems/out/build/GCC 14.2.0 aarch64-apple-darwin23/_deps/curl-src/CMake/CurlTests.c:204:24: warning: nested extern declaration of 'ioctlsocket' [-Wnested-externs]
/Users/ramanlamba/Desktop/deribit/oems/out/build/GCC 14.2.0 aarch64-apple-darwin23/_deps/curl-src/CMake/CurlTests.c:204:44: error: 'FIONBIO' undeclared (first use in this function)
  204 |  unsigned long flags = ioctlsocket(socket, FIONBIO, &flags);
      |                                            ^~~~~~~
/Users/ramanlamba/Desktop/deribit/oems/out/build/GCC 14.2.0 aarch64-apple-darwin23/_deps/curl-src/CMake/CurlTests.c:204:44: note: each undeclared identifier is reported only once for each function it appears in
make[1]: *** [CMakeFiles/cmTC_a6794.dir/CurlTests.c.o] Error 1
make: *** [cmTC_a6794/fast] Error 2


Performing Curl Test HAVE_IOCTLSOCKET_CAMEL failed with the following output:
Change Dir: /Users/ramanlamba/Desktop/deribit/oems/out/build/GCC 14.2.0 aarch64-apple-darwin23/CMakeFiles/CMakeTmp

Run Build Command(s):/Users/ramanlamba/micromamba/lib/python3.9/site-packages/cmake/data/bin/cmake -E env VERBOSE=1 /usr/bin/make -f Makefile cmTC_19124/fast && /Library/Developer/CommandLineTools/usr/bin/make  -f CMakeFiles/cmTC_19124.dir/build.make CMakeFiles/cmTC_19124.dir/build
Building C object CMakeFiles/cmTC_19124.dir/CurlTests.c.o
/opt/homebrew/bin/aarch64-apple-darwin23-gcc-14   -W -Wall -pedantic -Wbad-function-cast -Wconversion -Winline -Wmissing-declarations -Wmissing-prototypes -Wnested-externs -Wno-long-long -Wno-multichar -Wpointer-arith -Wshadow -Wsign-compare -Wundef -Wunused -Wwrite-strings -Wcast-align -Wdeclaration-after-statement -Wempty-body -Wendif-labels -Wfloat-equal -Wignored-qualifiers -Wno-format-nonliteral -Wno-sign-conversion -Wno-system-headers -Wstrict-prototypes -Wtype-limits -Wvla -Wmissing-parameter-type -Wold-style-declaration -Wstrict-aliasing=3 -Wformat=2 -Warray-bounds=2 -ftree-vrp -Wduplicated-cond -Wnull-dereference -fdelete-null-pointer-checks -Wshift-negative-value -Wshift-overflow=2 -Walloc-zero -Wduplicated-branches -Wformat-overflow=2 -Wformat-truncation=1 -Wrestrict -Warith-conversion -Wdouble-promotion -Wenum-conversion -Wunused-const-variable -DHAVE_IOCTLSOCKET_CAMEL  -DHAVE_INTTYPES_H -DHAVE_SYS_FILIO_H -DHAVE_SYS_WAIT_H -DHAVE_SYS_IOCTL_H -DHAVE_SYS_PARAM_H -DHAVE_SYS_POLL_H -DHAVE_SYS_RESOURCE_H -DHAVE_SYS_SELECT_H -DHAVE_SYS_SOCKET_H -DHAVE_SYS_SOCKIO_H -DHAVE_SYS_STAT_H -DHAVE_SYS_TIME_H -DHAVE_SYS_TYPES_H -DHAVE_SYS_UN_H -DHAVE_SYS_XATTR_H -DHAVE_ARPA_INET_H -DHAVE_FCNTL_H -DHAVE_IDN2_H -DHAVE_IFADDRS_H -DHAVE_LIBGEN_H -DHAVE_LOCALE_H -DHAVE_NET_IF_H -DHAVE_NETDB_H -DHAVE_NETINET_IN_H -DHAVE_NETINET_TCP_H -DHAVE_NETINET_UDP_H -DHAVE_POLL_H -DHAVE_PWD_H -DHAVE_STDATOMIC_H -DHAVE_STDBOOL_H -DHAVE_STDINT_H -DHAVE_STRINGS_H -DHAVE_TERMIOS_H -DHAVE_UNISTD_H -DHAVE_UTIME_H -arch arm64 -isysroot /Library/Developer/CommandLineTools/SDKs/MacOSX14.4.sdk -mmacosx-version-min=14.3 -o CMakeFiles/cmTC_19124.dir/CurlTests.c.o -c "/Users/ramanlamba/Desktop/deribit/oems/out/build/GCC 14.2.0 aarch64-apple-darwin23/_deps/curl-src/CMake/CurlTests.c"
/Users/ramanlamba/Desktop/deribit/oems/out/build/GCC 14.2.0 aarch64-apple-darwin23/_deps/curl-src/CMake/CurlTests.c:224:1: warning: function declaration isn't a prototype [-Wstrict-prototypes]
  224 | main ()
      | ^~~~
/Users/ramanlamba/Desktop/deribit/oems/out/build/GCC 14.2.0 aarch64-apple-darwin23/_deps/curl-src/CMake/CurlTests.c: In function 'main':
/Users/ramanlamba/Desktop/deribit/oems/out/build/GCC 14.2.0 aarch64-apple-darwin23/_deps/curl-src/CMake/CurlTests.c:228:13: error: implicit declaration of function 'IoctlSocket' [-Wimplicit-function-declaration]
  228 |     if(0 != IoctlSocket(0, 0, 0))
      |             ^~~~~~~~~~~
/Users/ramanlamba/Desktop/deribit/oems/out/build/GCC 14.2.0 aarch64-apple-darwin23/_deps/curl-src/CMake/CurlTests.c:228:13: warning: nested extern declaration of 'IoctlSocket' [-Wnested-externs]
make[1]: *** [CMakeFiles/cmTC_19124.dir/CurlTests.c.o] Error 1
make: *** [cmTC_19124/fast] Error 2


Performing Curl Test HAVE_IOCTLSOCKET_CAMEL_FIONBIO failed with the following output:
Change Dir: /Users/ramanlamba/Desktop/deribit/oems/out/build/GCC 14.2.0 aarch64-apple-darwin23/CMakeFiles/CMakeTmp

Run Build Command(s):/Users/ramanlamba/micromamba/lib/python3.9/site-packages/cmake/data/bin/cmake -E env VERBOSE=1 /usr/bin/make -f Makefile cmTC_563c9/fast && /Library/Developer/CommandLineTools/usr/bin/make  -f CMakeFiles/cmTC_563c9.dir/build.make CMakeFiles/cmTC_563c9.dir/build
Building C object CMakeFiles/cmTC_563c9.dir/CurlTests.c.o
/opt/homebrew/bin/aarch64-apple-darwin23-gcc-14   -W -Wall -pedantic -Wbad-function-cast -Wconversion -Winline -Wmissing-declarations -Wmissing-prototypes -Wnested-externs -Wno-long-long -Wno-multichar -Wpointer-arith -Wshadow -Wsign-compare -Wundef -Wunused -Wwrite-strings -Wcast-align -Wdeclaration-after-statement -Wempty-body -Wendif-labels -Wfloat-equal -Wignored-qualifiers -Wno-format-nonliteral -Wno-sign-conversion -Wno-system-headers -Wstrict-prototypes -Wtype-limits -Wvla -Wmissing-parameter-type -Wold-style-declaration -Wstrict-aliasing=3 -Wformat=2 -Warray-bounds=2 -ftree-vrp -Wduplicated-cond -Wnull-dereference -fdelete-null-pointer-checks -Wshift-negative-value -Wshift-overflow=2 -Walloc-zero -Wduplicated-branches -Wformat-overflow=2 -Wformat-truncation=1 -Wrestrict -Warith-conversion -Wdouble-promotion -Wenum-conversion -Wunused-const-variable -DHAVE_IOCTLSOCKET_CAMEL_FIONBIO  -DHAVE_INTTYPES_H -DHAVE_SYS_FILIO_H -DHAVE_SYS_WAIT_H -DHAVE_SYS_IOCTL_H -DHAVE_SYS_PARAM_H -DHAVE_SYS_POLL_H -DHAVE_SYS_RESOURCE_H -DHAVE_SYS_SELECT_H -DHAVE_SYS_SOCKET_H -DHAVE_SYS_SOCKIO_H -DHAVE_SYS_STAT_H -DHAVE_SYS_TIME_H -DHAVE_SYS_TYPES_H -DHAVE_SYS_UN_H -DHAVE_SYS_XATTR_H -DHAVE_ARPA_INET_H -DHAVE_FCNTL_H -DHAVE_IDN2_H -DHAVE_IFADDRS_H -DHAVE_LIBGEN_H -DHAVE_LOCALE_H -DHAVE_NET_IF_H -DHAVE_NETDB_H -DHAVE_NETINET_IN_H -DHAVE_NETINET_TCP_H -DHAVE_NETINET_UDP_H -DHAVE_POLL_H -DHAVE_PWD_H -DHAVE_STDATOMIC_H -DHAVE_STDBOOL_H -DHAVE_STDINT_H -DHAVE_STRINGS_H -DHAVE_TERMIOS_H -DHAVE_UNISTD_H -DHAVE_UTIME_H -arch arm64 -isysroot /Library/Developer/CommandLineTools/SDKs/MacOSX14.4.sdk -mmacosx-version-min=14.3 -o CMakeFiles/cmTC_563c9.dir/CurlTests.c.o -c "/Users/ramanlamba/Desktop/deribit/oems/out/build/GCC 14.2.0 aarch64-apple-darwin23/_deps/curl-src/CMake/CurlTests.c"
/Users/ramanlamba/Desktop/deribit/oems/out/build/GCC 14.2.0 aarch64-apple-darwin23/_deps/curl-src/CMake/CurlTests.c:247:1: warning: function declaration isn't a prototype [-Wstrict-prototypes]
  247 | main ()
      | ^~~~
/Users/ramanlamba/Desktop/deribit/oems/out/build/GCC 14.2.0 aarch64-apple-darwin23/_deps/curl-src/CMake/CurlTests.c: In function 'main':
/Users/ramanlamba/Desktop/deribit/oems/out/build/GCC 14.2.0 aarch64-apple-darwin23/_deps/curl-src/CMake/CurlTests.c:252:17: error: implicit declaration of function 'IoctlSocket' [-Wimplicit-function-declaration]
  252 |         if(0 != IoctlSocket(0, FIONBIO, &flags))
      |                 ^~~~~~~~~~~
/Users/ramanlamba/Desktop/deribit/oems/out/build/GCC 14.2.0 aarch64-apple-darwin23/_deps/curl-src/CMake/CurlTests.c:252:17: warning: nested extern declaration of 'IoctlSocket' [-Wnested-externs]
/Users/ramanlamba/Desktop/deribit/oems/out/build/GCC 14.2.0 aarch64-apple-darwin23/_deps/curl-src/CMake/CurlTests.c:252:32: error: 'FIONBIO' undeclared (first use in this function)
  252 |         if(0 != IoctlSocket(0, FIONBIO, &flags))
      |                                ^~~~~~~
/Users/ramanlamba/Desktop/deribit/oems/out/build/GCC 14.2.0 aarch64-apple-darwin23/_deps/curl-src/CMake/CurlTests.c:252:32: note: each undeclared identifier is reported only once for each function it appears in
make[1]: *** [CMakeFiles/cmTC_563c9.dir/CurlTests.c.o] Error 1
make: *** [cmTC_563c9/fast] Error 2


Performing Curl Test HAVE_IOCTLSOCKET_FIONBIO failed with the following output:
Change Dir: /Users/ramanlamba/Desktop/deribit/oems/out/build/GCC 14.2.0 aarch64-apple-darwin23/CMakeFiles/CMakeTmp

Run Build Command(s):/Users/ramanlamba/micromamba/lib/python3.9/site-packages/cmake/data/bin/cmake -E env VERBOSE=1 /usr/bin/make -f Makefile cmTC_eaa77/fast && /Library/Developer/CommandLineTools/usr/bin/make  -f CMakeFiles/cmTC_eaa77.dir/build.make CMakeFiles/cmTC_eaa77.dir/build
Building C object CMakeFiles/cmTC_eaa77.dir/CurlTests.c.o
/opt/homebrew/bin/aarch64-apple-darwin23-gcc-14   -W -Wall -pedantic -Wbad-function-cast -Wconversion -Winline -Wmissing-declarations -Wmissing-prototypes -Wnested-externs -Wno-long-long -Wno-multichar -Wpointer-arith -Wshadow -Wsign-compare -Wundef -Wunused -Wwrite-strings -Wcast-align -Wdeclaration-after-statement -Wempty-body -Wendif-labels -Wfloat-equal -Wignored-qualifiers -Wno-format-nonliteral -Wno-sign-conversion -Wno-system-headers -Wstrict-prototypes -Wtype-limits -Wvla -Wmissing-parameter-type -Wold-style-declaration -Wstrict-aliasing=3 -Wformat=2 -Warray-bounds=2 -ftree-vrp -Wduplicated-cond -Wnull-dereference -fdelete-null-pointer-checks -Wshift-negative-value -Wshift-overflow=2 -Walloc-zero -Wduplicated-branches -Wformat-overflow=2 -Wformat-truncation=1 -Wrestrict -Warith-conversion -Wdouble-promotion -Wenum-conversion -Wunused-const-variable -DHAVE_IOCTLSOCKET_FIONBIO  -DHAVE_INTTYPES_H -DHAVE_SYS_FILIO_H -DHAVE_SYS_WAIT_H -DHAVE_SYS_IOCTL_H -DHAVE_SYS_PARAM_H -DHAVE_SYS_POLL_H -DHAVE_SYS_RESOURCE_H -DHAVE_SYS_SELECT_H -DHAVE_SYS_SOCKET_H -DHAVE_SYS_SOCKIO_H -DHAVE_SYS_STAT_H -DHAVE_SYS_TIME_H -DHAVE_SYS_TYPES_H -DHAVE_SYS_UN_H -DHAVE_SYS_XATTR_H -DHAVE_ARPA_INET_H -DHAVE_FCNTL_H -DHAVE_IDN2_H -DHAVE_IFADDRS_H -DHAVE_LIBGEN_H -DHAVE_LOCALE_H -DHAVE_NET_IF_H -DHAVE_NETDB_H -DHAVE_NETINET_IN_H -DHAVE_NETINET_TCP_H -DHAVE_NETINET_UDP_H -DHAVE_POLL_H -DHAVE_PWD_H -DHAVE_STDATOMIC_H -DHAVE_STDBOOL_H -DHAVE_STDINT_H -DHAVE_STRINGS_H -DHAVE_TERMIOS_H -DHAVE_UNISTD_H -DHAVE_UTIME_H -arch arm64 -isysroot /Library/Developer/CommandLineTools/SDKs/MacOSX14.4.sdk -mmacosx-version-min=14.3 -o CMakeFiles/cmTC_eaa77.dir/CurlTests.c.o -c "/Users/ramanlamba/Desktop/deribit/oems/out/build/GCC 14.2.0 aarch64-apple-darwin23/_deps/curl-src/CMake/CurlTests.c"
/Users/ramanlamba/Desktop/deribit/oems/out/build/GCC 14.2.0 aarch64-apple-darwin23/_deps/curl-src/CMake/CurlTests.c:271:1: warning: function declaration isn't a prototype [-Wstrict-prototypes]
  271 | main ()
      | ^~~~
/Users/ramanlamba/Desktop/deribit/oems/out/build/GCC 14.2.0 aarch64-apple-darwin23/_deps/curl-src/CMake/CurlTests.c: In function 'main':
/Users/ramanlamba/Desktop/deribit/oems/out/build/GCC 14.2.0 aarch64-apple-darwin23/_deps/curl-src/CMake/CurlTests.c:275:17: error: implicit declaration of function 'ioctlsocket' [-Wimplicit-function-declaration]
  275 |         if(0 != ioctlsocket(0, FIONBIO, &flags))
      |                 ^~~~~~~~~~~
/Users/ramanlamba/Desktop/deribit/oems/out/build/GCC 14.2.0 aarch64-apple-darwin23/_deps/curl-src/CMake/CurlTests.c:275:17: warning: nested extern declaration of 'ioctlsocket' [-Wnested-externs]
/Users/ramanlamba/Desktop/deribit/oems/out/build/GCC 14.2.0 aarch64-apple-darwin23/_deps/curl-src/CMake/CurlTests.c:275:32: error: 'FIONBIO' undeclared (first use in this function)
  275 |         if(0 != ioctlsocket(0, FIONBIO, &flags))
      |                                ^~~~~~~
/Users/ramanlamba/Desktop/deribit/oems/out/build/GCC 14.2.0 aarch64-apple-darwin23/_deps/curl-src/CMake/CurlTests.c:275:32: note: each undeclared identifier is reported only once for each function it appears in
make[1]: *** [CMakeFiles/cmTC_eaa77.dir/CurlTests.c.o] Error 1
make: *** [cmTC_eaa77/fast] Error 2


Performing Curl Test HAVE_SETSOCKOPT_SO_NONBLOCK failed with the following output:
Change Dir: /Users/ramanlamba/Desktop/deribit/oems/out/build/GCC 14.2.0 aarch64-apple-darwin23/CMakeFiles/CMakeTmp

Run Build Command(s):/Users/ramanlamba/micromamba/lib/python3.9/site-packages/cmake/data/bin/cmake -E env VERBOSE=1 /usr/bin/make -f Makefile cmTC_1fee5/fast && /Library/Developer/CommandLineTools/usr/bin/make  -f CMakeFiles/cmTC_1fee5.dir/build.make CMakeFiles/cmTC_1fee5.dir/build
Building C object CMakeFiles/cmTC_1fee5.dir/CurlTests.c.o
/opt/homebrew/bin/aarch64-apple-darwin23-gcc-14   -W -Wall -pedantic -Wbad-function-cast -Wconversion -Winline -Wmissing-declarations -Wmissing-prototypes -Wnested-externs -Wno-long-long -Wno-multichar -Wpointer-arith -Wshadow -Wsign-compare -Wundef -Wunused -Wwrite-strings -Wcast-align -Wdeclaration-after-statement -Wempty-body -Wendif-labels -Wfloat-equal -Wignored-qualifiers -Wno-format-nonliteral -Wno-sign-conversion -Wno-system-headers -Wstrict-prototypes -Wtype-limits -Wvla -Wmissing-parameter-type -Wold-style-declaration -Wstrict-aliasing=3 -Wformat=2 -Warray-bounds=2 -ftree-vrp -Wduplicated-cond -Wnull-dereference -fdelete-null-pointer-checks -Wshift-negative-value -Wshift-overflow=2 -Walloc-zero -Wduplicated-branches -Wformat-overflow=2 -Wformat-truncation=1 -Wrestrict -Warith-conversion -Wdouble-promotion -Wenum-conversion -Wunused-const-variable -DHAVE_SETSOCKOPT_SO_NONBLOCK  -DHAVE_INTTYPES_H -DHAVE_SYS_FILIO_H -DHAVE_SYS_WAIT_H -DHAVE_SYS_IOCTL_H -DHAVE_SYS_PARAM_H -DHAVE_SYS_POLL_H -DHAVE_SYS_RESOURCE_H -DHAVE_SYS_SELECT_H -DHAVE_SYS_SOCKET_H -DHAVE_SYS_SOCKIO_H -DHAVE_SYS_STAT_H -DHAVE_SYS_TIME_H -DHAVE_SYS_TYPES_H -DHAVE_SYS_UN_H -DHAVE_SYS_XATTR_H -DHAVE_ARPA_INET_H -DHAVE_FCNTL_H -DHAVE_IDN2_H -DHAVE_IFADDRS_H -DHAVE_LIBGEN_H -DHAVE_LOCALE_H -DHAVE_NET_IF_H -DHAVE_NETDB_H -DHAVE_NETINET_IN_H -DHAVE_NETINET_TCP_H -DHAVE_NETINET_UDP_H -DHAVE_POLL_H -DHAVE_PWD_H -DHAVE_STDATOMIC_H -DHAVE_STDBOOL_H -DHAVE_STDINT_H -DHAVE_STRINGS_H -DHAVE_TERMIOS_H -DHAVE_UNISTD_H -DHAVE_UTIME_H -arch arm64 -isysroot /Library/Developer/CommandLineTools/SDKs/MacOSX14.4.sdk -mmacosx-version-min=14.3 -o CMakeFiles/cmTC_1fee5.dir/CurlTests.c.o -c "/Users/ramanlamba/Desktop/deribit/oems/out/build/GCC 14.2.0 aarch64-apple-darwin23/_deps/curl-src/CMake/CurlTests.c"
/Users/ramanlamba/Desktop/deribit/oems/out/build/GCC 14.2.0 aarch64-apple-darwin23/_deps/curl-src/CMake/CurlTests.c:365:1: warning: function declaration isn't a prototype [-Wstrict-prototypes]
  365 | main ()
      | ^~~~
/Users/ramanlamba/Desktop/deribit/oems/out/build/GCC 14.2.0 aarch64-apple-darwin23/_deps/curl-src/CMake/CurlTests.c: In function 'main':
/Users/ramanlamba/Desktop/deribit/oems/out/build/GCC 14.2.0 aarch64-apple-darwin23/_deps/curl-src/CMake/CurlTests.c:367:43: error: 'SO_NONBLOCK' undeclared (first use in this function)
  367 |         if(0 != setsockopt(0, SOL_SOCKET, SO_NONBLOCK, 0, 0))
      |                                           ^~~~~~~~~~~
/Users/ramanlamba/Desktop/deribit/oems/out/build/GCC 14.2.0 aarch64-apple-darwin23/_deps/curl-src/CMake/CurlTests.c:367:43: note: each undeclared identifier is reported only once for each function it appears in
make[1]: *** [CMakeFiles/cmTC_1fee5.dir/CurlTests.c.o] Error 1
make: *** [cmTC_1fee5/fast] Error 2


Performing Curl Test HAVE_O_NONBLOCK failed with the following output:
Change Dir: /Users/ramanlamba/Desktop/deribit/oems/out/build/GCC 14.2.0 aarch64-apple-darwin23/CMakeFiles/CMakeTmp

Run Build Command(s):/Users/ramanlamba/micromamba/lib/python3.9/site-packages/cmake/data/bin/cmake -E env VERBOSE=1 /usr/bin/make -f Makefile cmTC_acaf6/fast && /Library/Developer/CommandLineTools/usr/bin/make  -f CMakeFiles/cmTC_acaf6.dir/build.make CMakeFiles/cmTC_acaf6.dir/build
Building C object CMakeFiles/cmTC_acaf6.dir/CurlTests.c.o
/opt/homebrew/bin/aarch64-apple-darwin23-gcc-14   -W -Wall -pedantic -Wbad-function-cast -Wconversion -Winline -Wmissing-declarations -Wmissing-prototypes -Wnested-externs -Wno-long-long -Wno-multichar -Wpointer-arith -Wshadow -Wsign-compare -Wundef -Wunused -Wwrite-strings -Wcast-align -Wdeclaration-after-statement -Wempty-body -Wendif-labels -Wfloat-equal -Wignored-qualifiers -Wno-format-nonliteral -Wno-sign-conversion -Wno-system-headers -Wstrict-prototypes -Wtype-limits -Wvla -Wmissing-parameter-type -Wold-style-declaration -Wstrict-aliasing=3 -Wformat=2 -Warray-bounds=2 -ftree-vrp -Wduplicated-cond -Wnull-dereference -fdelete-null-pointer-checks -Wshift-negative-value -Wshift-overflow=2 -Walloc-zero -Wduplicated-branches -Wformat-overflow=2 -Wformat-truncation=1 -Wrestrict -Warith-conversion -Wdouble-promotion -Wenum-conversion -Wunused-const-variable -DHAVE_O_NONBLOCK  -DHAVE_INTTYPES_H -DHAVE_SYS_FILIO_H -DHAVE_SYS_WAIT_H -DHAVE_SYS_IOCTL_H -DHAVE_SYS_PARAM_H -DHAVE_SYS_POLL_H -DHAVE_SYS_RESOURCE_H -DHAVE_SYS_SELECT_H -DHAVE_SYS_SOCKET_H -DHAVE_SYS_SOCKIO_H -DHAVE_SYS_STAT_H -DHAVE_SYS_TIME_H -DHAVE_SYS_TYPES_H -DHAVE_SYS_UN_H -DHAVE_SYS_XATTR_H -DHAVE_ARPA_INET_H -DHAVE_FCNTL_H -DHAVE_IDN2_H -DHAVE_IFADDRS_H -DHAVE_LIBGEN_H -DHAVE_LOCALE_H -DHAVE_NET_IF_H -DHAVE_NETDB_H -DHAVE_NETINET_IN_H -DHAVE_NETINET_TCP_H -DHAVE_NETINET_UDP_H -DHAVE_POLL_H -DHAVE_PWD_H -DHAVE_STDATOMIC_H -DHAVE_STDBOOL_H -DHAVE_STDINT_H -DHAVE_STRINGS_H -DHAVE_TERMIOS_H -DHAVE_UNISTD_H -DHAVE_UTIME_H -arch arm64 -isysroot /Library/Developer/CommandLineTools/SDKs/MacOSX14.4.sdk -mmacosx-version-min=14.3 -o CMakeFiles/cmTC_acaf6.dir/CurlTests.c.o -c "/Users/ramanlamba/Desktop/deribit/oems/out/build/GCC 14.2.0 aarch64-apple-darwin23/_deps/curl-src/CMake/CurlTests.c"
/Users/ramanlamba/Desktop/deribit/oems/out/build/GCC 14.2.0 aarch64-apple-darwin23/_deps/curl-src/CMake/CurlTests.c:516: warning: ISO C forbids an empty translation unit [-Wpedantic]
Linking C executable cmTC_acaf6
/Users/ramanlamba/micromamba/lib/python3.9/site-packages/cmake/data/bin/cmake -E cmake_link_script CMakeFiles/cmTC_acaf6.dir/link.txt --verbose=1
/opt/homebrew/bin/aarch64-apple-darwin23-gcc-14   -W -Wall -pedantic -Wbad-function-cast -Wconversion -Winline -Wmissing-declarations -Wmissing-prototypes -Wnested-externs -Wno-long-long -Wno-multichar -Wpointer-arith -Wshadow -Wsign-compare -Wundef -Wunused -Wwrite-strings -Wcast-align -Wdeclaration-after-statement -Wempty-body -Wendif-labels -Wfloat-equal -Wignored-qualifiers -Wno-format-nonliteral -Wno-sign-conversion -Wno-system-headers -Wstrict-prototypes -Wtype-limits -Wvla -Wmissing-parameter-type -Wold-style-declaration -Wstrict-aliasing=3 -Wformat=2 -Warray-bounds=2 -ftree-vrp -Wduplicated-cond -Wnull-dereference -fdelete-null-pointer-checks -Wshift-negative-value -Wshift-overflow=2 -Walloc-zero -Wduplicated-branches -Wformat-overflow=2 -Wformat-truncation=1 -Wrestrict -Warith-conversion -Wdouble-promotion -Wenum-conversion -Wunused-const-variable -DHAVE_O_NONBLOCK  -DHAVE_INTTYPES_H -DHAVE_SYS_FILIO_H -DHAVE_SYS_WAIT_H -DHAVE_SYS_IOCTL_H -DHAVE_SYS_PARAM_H -DHAVE_SYS_POLL_H -DHAVE_SYS_RESOURCE_H -DHAVE_SYS_SELECT_H -DHAVE_SYS_SOCKET_H -DHAVE_SYS_SOCKIO_H -DHAVE_SYS_STAT_H -DHAVE_SYS_TIME_H -DHAVE_SYS_TYPES_H -DHAVE_SYS_UN_H -DHAVE_SYS_XATTR_H -DHAVE_ARPA_INET_H -DHAVE_FCNTL_H -DHAVE_IDN2_H -DHAVE_IFADDRS_H -DHAVE_LIBGEN_H -DHAVE_LOCALE_H -DHAVE_NET_IF_H -DHAVE_NETDB_H -DHAVE_NETINET_IN_H -DHAVE_NETINET_TCP_H -DHAVE_NETINET_UDP_H -DHAVE_POLL_H -DHAVE_PWD_H -DHAVE_STDATOMIC_H -DHAVE_STDBOOL_H -DHAVE_STDINT_H -DHAVE_STRINGS_H -DHAVE_TERMIOS_H -DHAVE_UNISTD_H -DHAVE_UTIME_H -arch arm64 -isysroot /Library/Developer/CommandLineTools/SDKs/MacOSX14.4.sdk -mmacosx-version-min=14.3 -Wl,-search_paths_first -Wl,-headerpad_max_install_names CMakeFiles/cmTC_acaf6.dir/CurlTests.c.o -o cmTC_acaf6 
Undefined symbols for architecture arm64:
  "_main", referenced from:
      <initial-undefines>
ld: symbol(s) not found for architecture arm64
collect2: error: ld returned 1 exit status
make[1]: *** [cmTC_acaf6] Error 1
make: *** [cmTC_acaf6/fast] Error 2


Performing Curl Test HAVE_GETHOSTBYNAME_R_3 failed with the following output:
Change Dir: /Users/ramanlamba/Desktop/deribit/oems/out/build/GCC 14.2.0 aarch64-apple-darwin23/CMakeFiles/CMakeTmp

Run Build Command(s):/Users/ramanlamba/micromamba/lib/python3.9/site-packages/cmake/data/bin/cmake -E env VERBOSE=1 /usr/bin/make -f Makefile cmTC_18c0b/fast && /Library/Developer/CommandLineTools/usr/bin/make  -f CMakeFiles/cmTC_18c0b.dir/build.make CMakeFiles/cmTC_18c0b.dir/build
Building C object CMakeFiles/cmTC_18c0b.dir/CurlTests.c.o
/opt/homebrew/bin/aarch64-apple-darwin23-gcc-14   -W -Wall -pedantic -Wbad-function-cast -Wconversion -Winline -Wmissing-declarations -Wmissing-prototypes -Wnested-externs -Wno-long-long -Wno-multichar -Wpointer-arith -Wshadow -Wsign-compare -Wundef -Wunused -Wwrite-strings -Wcast-align -Wdeclaration-after-statement -Wempty-body -Wendif-labels -Wfloat-equal -Wignored-qualifiers -Wno-format-nonliteral -Wno-sign-conversion -Wno-system-headers -Wstrict-prototypes -Wtype-limits -Wvla -Wmissing-parameter-type -Wold-style-declaration -Wstrict-aliasing=3 -Wformat=2 -Warray-bounds=2 -ftree-vrp -Wduplicated-cond -Wnull-dereference -fdelete-null-pointer-checks -Wshift-negative-value -Wshift-overflow=2 -Walloc-zero -Wduplicated-branches -Wformat-overflow=2 -Wformat-truncation=1 -Wrestrict -Warith-conversion -Wdouble-promotion -Wenum-conversion -Wunused-const-variable -DHAVE_GETHOSTBYNAME_R_3  -DHAVE_INTTYPES_H -DHAVE_SYS_FILIO_H -DHAVE_SYS_WAIT_H -DHAVE_SYS_IOCTL_H -DHAVE_SYS_PARAM_H -DHAVE_SYS_POLL_H -DHAVE_SYS_RESOURCE_H -DHAVE_SYS_SELECT_H -DHAVE_SYS_SOCKET_H -DHAVE_SYS_SOCKIO_H -DHAVE_SYS_STAT_H -DHAVE_SYS_TIME_H -DHAVE_SYS_TYPES_H -DHAVE_SYS_UN_H -DHAVE_SYS_XATTR_H -DHAVE_ARPA_INET_H -DHAVE_FCNTL_H -DHAVE_IDN2_H -DHAVE_IFADDRS_H -DHAVE_LIBGEN_H -DHAVE_LOCALE_H -DHAVE_NET_IF_H -DHAVE_NETDB_H -DHAVE_NETINET_IN_H -DHAVE_NETINET_TCP_H -DHAVE_NETINET_UDP_H -DHAVE_POLL_H -DHAVE_PWD_H -DHAVE_STDATOMIC_H -DHAVE_STDBOOL_H -DHAVE_STDINT_H -DHAVE_STRINGS_H -DHAVE_TERMIOS_H -DHAVE_UNISTD_H -DHAVE_UTIME_H -arch arm64 -isysroot /Library/Developer/CommandLineTools/SDKs/MacOSX14.4.sdk -mmacosx-version-min=14.3 -o CMakeFiles/cmTC_18c0b.dir/CurlTests.c.o -c "/Users/ramanlamba/Desktop/deribit/oems/out/build/GCC 14.2.0 aarch64-apple-darwin23/_deps/curl-src/CMake/CurlTests.c"
/Users/ramanlamba/Desktop/deribit/oems/out/build/GCC 14.2.0 aarch64-apple-darwin23/_deps/curl-src/CMake/CurlTests.c: In function 'main':
/Users/ramanlamba/Desktop/deribit/oems/out/build/GCC 14.2.0 aarch64-apple-darwin23/_deps/curl-src/CMake/CurlTests.c:75:19: warning: initialization discards 'const' qualifier from pointer target type [-Wdiscarded-qualifiers]
   75 |   char *address = "example.com";
      |                   ^~~~~~~~~~~~~
/Users/ramanlamba/Desktop/deribit/oems/out/build/GCC 14.2.0 aarch64-apple-darwin23/_deps/curl-src/CMake/CurlTests.c:82:23: error: storage size of 'hdata' isn't known
   82 |   struct hostent_data hdata;
      |                       ^~~~~
/Users/ramanlamba/Desktop/deribit/oems/out/build/GCC 14.2.0 aarch64-apple-darwin23/_deps/curl-src/CMake/CurlTests.c:94:8: error: implicit declaration of function 'gethostbyname_r'; did you mean 'gethostbyname2'? [-Wimplicit-function-declaration]
   94 |   rc = gethostbyname_r(address, &h, &hdata);
      |        ^~~~~~~~~~~~~~~
      |        gethostbyname2
/Users/ramanlamba/Desktop/deribit/oems/out/build/GCC 14.2.0 aarch64-apple-darwin23/_deps/curl-src/CMake/CurlTests.c:94:8: warning: nested extern declaration of 'gethostbyname_r' [-Wnested-externs]
/Users/ramanlamba/Desktop/deribit/oems/out/build/GCC 14.2.0 aarch64-apple-darwin23/_deps/curl-src/CMake/CurlTests.c:82:23: warning: unused variable 'hdata' [-Wunused-variable]
   82 |   struct hostent_data hdata;
      |                       ^~~~~
make[1]: *** [CMakeFiles/cmTC_18c0b.dir/CurlTests.c.o] Error 1
make: *** [cmTC_18c0b/fast] Error 2


Performing Curl Test HAVE_GETHOSTBYNAME_R_5 failed with the following output:
Change Dir: /Users/ramanlamba/Desktop/deribit/oems/out/build/GCC 14.2.0 aarch64-apple-darwin23/CMakeFiles/CMakeTmp

Run Build Command(s):/Users/ramanlamba/micromamba/lib/python3.9/site-packages/cmake/data/bin/cmake -E env VERBOSE=1 /usr/bin/make -f Makefile cmTC_3273e/fast && /Library/Developer/CommandLineTools/usr/bin/make  -f CMakeFiles/cmTC_3273e.dir/build.make CMakeFiles/cmTC_3273e.dir/build
Building C object CMakeFiles/cmTC_3273e.dir/CurlTests.c.o
/opt/homebrew/bin/aarch64-apple-darwin23-gcc-14   -W -Wall -pedantic -Wbad-function-cast -Wconversion -Winline -Wmissing-declarations -Wmissing-prototypes -Wnested-externs -Wno-long-long -Wno-multichar -Wpointer-arith -Wshadow -Wsign-compare -Wundef -Wunused -Wwrite-strings -Wcast-align -Wdeclaration-after-statement -Wempty-body -Wendif-labels -Wfloat-equal -Wignored-qualifiers -Wno-format-nonliteral -Wno-sign-conversion -Wno-system-headers -Wstrict-prototypes -Wtype-limits -Wvla -Wmissing-parameter-type -Wold-style-declaration -Wstrict-aliasing=3 -Wformat=2 -Warray-bounds=2 -ftree-vrp -Wduplicated-cond -Wnull-dereference -fdelete-null-pointer-checks -Wshift-negative-value -Wshift-overflow=2 -Walloc-zero -Wduplicated-branches -Wformat-overflow=2 -Wformat-truncation=1 -Wrestrict -Warith-conversion -Wdouble-promotion -Wenum-conversion -Wunused-const-variable -DHAVE_GETHOSTBYNAME_R_5  -DHAVE_INTTYPES_H -DHAVE_SYS_FILIO_H -DHAVE_SYS_WAIT_H -DHAVE_SYS_IOCTL_H -DHAVE_SYS_PARAM_H -DHAVE_SYS_POLL_H -DHAVE_SYS_RESOURCE_H -DHAVE_SYS_SELECT_H -DHAVE_SYS_SOCKET_H -DHAVE_SYS_SOCKIO_H -DHAVE_SYS_STAT_H -DHAVE_SYS_TIME_H -DHAVE_SYS_TYPES_H -DHAVE_SYS_UN_H -DHAVE_SYS_XATTR_H -DHAVE_ARPA_INET_H -DHAVE_FCNTL_H -DHAVE_IDN2_H -DHAVE_IFADDRS_H -DHAVE_LIBGEN_H -DHAVE_LOCALE_H -DHAVE_NET_IF_H -DHAVE_NETDB_H -DHAVE_NETINET_IN_H -DHAVE_NETINET_TCP_H -DHAVE_NETINET_UDP_H -DHAVE_POLL_H -DHAVE_PWD_H -DHAVE_STDATOMIC_H -DHAVE_STDBOOL_H -DHAVE_STDINT_H -DHAVE_STRINGS_H -DHAVE_TERMIOS_H -DHAVE_UNISTD_H -DHAVE_UTIME_H -arch arm64 -isysroot /Library/Developer/CommandLineTools/SDKs/MacOSX14.4.sdk -mmacosx-version-min=14.3 -o CMakeFiles/cmTC_3273e.dir/CurlTests.c.o -c "/Users/ramanlamba/Desktop/deribit/oems/out/build/GCC 14.2.0 aarch64-apple-darwin23/_deps/curl-src/CMake/CurlTests.c"
/Users/ramanlamba/Desktop/deribit/oems/out/build/GCC 14.2.0 aarch64-apple-darwin23/_deps/curl-src/CMake/CurlTests.c: In function 'main':
/Users/ramanlamba/Desktop/deribit/oems/out/build/GCC 14.2.0 aarch64-apple-darwin23/_deps/curl-src/CMake/CurlTests.c:75:19: warning: initialization discards 'const' qualifier from pointer target type [-Wdiscarded-qualifiers]
   75 |   char *address = "example.com";
      |                   ^~~~~~~~~~~~~
/Users/ramanlamba/Desktop/deribit/oems/out/build/GCC 14.2.0 aarch64-apple-darwin23/_deps/curl-src/CMake/CurlTests.c:97:8: error: implicit declaration of function 'gethostbyname_r'; did you mean 'gethostbyname2'? [-Wimplicit-function-declaration]
   97 |   rc = gethostbyname_r(address, &h, buffer, 8192, &h_errnop);
      |        ^~~~~~~~~~~~~~~
      |        gethostbyname2
/Users/ramanlamba/Desktop/deribit/oems/out/build/GCC 14.2.0 aarch64-apple-darwin23/_deps/curl-src/CMake/CurlTests.c:97:8: warning: nested extern declaration of 'gethostbyname_r' [-Wnested-externs]
make[1]: *** [CMakeFiles/cmTC_3273e.dir/CurlTests.c.o] Error 1
make: *** [cmTC_3273e/fast] Error 2


Performing Curl Test HAVE_GETHOSTBYNAME_R_6 failed with the following output:
Change Dir: /Users/ramanlamba/Desktop/deribit/oems/out/build/GCC 14.2.0 aarch64-apple-darwin23/CMakeFiles/CMakeTmp

Run Build Command(s):/Users/ramanlamba/micromamba/lib/python3.9/site-packages/cmake/data/bin/cmake -E env VERBOSE=1 /usr/bin/make -f Makefile cmTC_8b0a9/fast && /Library/Developer/CommandLineTools/usr/bin/make  -f CMakeFiles/cmTC_8b0a9.dir/build.make CMakeFiles/cmTC_8b0a9.dir/build
Building C object CMakeFiles/cmTC_8b0a9.dir/CurlTests.c.o
/opt/homebrew/bin/aarch64-apple-darwin23-gcc-14   -W -Wall -pedantic -Wbad-function-cast -Wconversion -Winline -Wmissing-declarations -Wmissing-prototypes -Wnested-externs -Wno-long-long -Wno-multichar -Wpointer-arith -Wshadow -Wsign-compare -Wundef -Wunused -Wwrite-strings -Wcast-align -Wdeclaration-after-statement -Wempty-body -Wendif-labels -Wfloat-equal -Wignored-qualifiers -Wno-format-nonliteral -Wno-sign-conversion -Wno-system-headers -Wstrict-prototypes -Wtype-limits -Wvla -Wmissing-parameter-type -Wold-style-declaration -Wstrict-aliasing=3 -Wformat=2 -Warray-bounds=2 -ftree-vrp -Wduplicated-cond -Wnull-dereference -fdelete-null-pointer-checks -Wshift-negative-value -Wshift-overflow=2 -Walloc-zero -Wduplicated-branches -Wformat-overflow=2 -Wformat-truncation=1 -Wrestrict -Warith-conversion -Wdouble-promotion -Wenum-conversion -Wunused-const-variable -DHAVE_GETHOSTBYNAME_R_6  -DHAVE_INTTYPES_H -DHAVE_SYS_FILIO_H -DHAVE_SYS_WAIT_H -DHAVE_SYS_IOCTL_H -DHAVE_SYS_PARAM_H -DHAVE_SYS_POLL_H -DHAVE_SYS_RESOURCE_H -DHAVE_SYS_SELECT_H -DHAVE_SYS_SOCKET_H -DHAVE_SYS_SOCKIO_H -DHAVE_SYS_STAT_H -DHAVE_SYS_TIME_H -DHAVE_SYS_TYPES_H -DHAVE_SYS_UN_H -DHAVE_SYS_XATTR_H -DHAVE_ARPA_INET_H -DHAVE_FCNTL_H -DHAVE_IDN2_H -DHAVE_IFADDRS_H -DHAVE_LIBGEN_H -DHAVE_LOCALE_H -DHAVE_NET_IF_H -DHAVE_NETDB_H -DHAVE_NETINET_IN_H -DHAVE_NETINET_TCP_H -DHAVE_NETINET_UDP_H -DHAVE_POLL_H -DHAVE_PWD_H -DHAVE_STDATOMIC_H -DHAVE_STDBOOL_H -DHAVE_STDINT_H -DHAVE_STRINGS_H -DHAVE_TERMIOS_H -DHAVE_UNISTD_H -DHAVE_UTIME_H -arch arm64 -isysroot /Library/Developer/CommandLineTools/SDKs/MacOSX14.4.sdk -mmacosx-version-min=14.3 -o CMakeFiles/cmTC_8b0a9.dir/CurlTests.c.o -c "/Users/ramanlamba/Desktop/deribit/oems/out/build/GCC 14.2.0 aarch64-apple-darwin23/_deps/curl-src/CMake/CurlTests.c"
/Users/ramanlamba/Desktop/deribit/oems/out/build/GCC 14.2.0 aarch64-apple-darwin23/_deps/curl-src/CMake/CurlTests.c: In function 'main':
/Users/ramanlamba/Desktop/deribit/oems/out/build/GCC 14.2.0 aarch64-apple-darwin23/_deps/curl-src/CMake/CurlTests.c:75:19: warning: initialization discards 'const' qualifier from pointer target type [-Wdiscarded-qualifiers]
   75 |   char *address = "example.com";
      |                   ^~~~~~~~~~~~~
/Users/ramanlamba/Desktop/deribit/oems/out/build/GCC 14.2.0 aarch64-apple-darwin23/_deps/curl-src/CMake/CurlTests.c:101:8: error: implicit declaration of function 'gethostbyname_r'; did you mean 'gethostbyname2'? [-Wimplicit-function-declaration]
  101 |   rc = gethostbyname_r(address, &h, buffer, 8192, &hp, &h_errnop);
      |        ^~~~~~~~~~~~~~~
      |        gethostbyname2
/Users/ramanlamba/Desktop/deribit/oems/out/build/GCC 14.2.0 aarch64-apple-darwin23/_deps/curl-src/CMake/CurlTests.c:101:8: warning: nested extern declaration of 'gethostbyname_r' [-Wnested-externs]
make[1]: *** [CMakeFiles/cmTC_8b0a9.dir/CurlTests.c.o] Error 1
make: *** [cmTC_8b0a9/fast] Error 2


Performing Curl Test HAVE_GETHOSTBYNAME_R_3_REENTRANT failed with the following output:
Change Dir: /Users/ramanlamba/Desktop/deribit/oems/out/build/GCC 14.2.0 aarch64-apple-darwin23/CMakeFiles/CMakeTmp

Run Build Command(s):/Users/ramanlamba/micromamba/lib/python3.9/site-packages/cmake/data/bin/cmake -E env VERBOSE=1 /usr/bin/make -f Makefile cmTC_1d64a/fast && /Library/Developer/CommandLineTools/usr/bin/make  -f CMakeFiles/cmTC_1d64a.dir/build.make CMakeFiles/cmTC_1d64a.dir/build
Building C object CMakeFiles/cmTC_1d64a.dir/CurlTests.c.o
/opt/homebrew/bin/aarch64-apple-darwin23-gcc-14   -W -Wall -pedantic -Wbad-function-cast -Wconversion -Winline -Wmissing-declarations -Wmissing-prototypes -Wnested-externs -Wno-long-long -Wno-multichar -Wpointer-arith -Wshadow -Wsign-compare -Wundef -Wunused -Wwrite-strings -Wcast-align -Wdeclaration-after-statement -Wempty-body -Wendif-labels -Wfloat-equal -Wignored-qualifiers -Wno-format-nonliteral -Wno-sign-conversion -Wno-system-headers -Wstrict-prototypes -Wtype-limits -Wvla -Wmissing-parameter-type -Wold-style-declaration -Wstrict-aliasing=3 -Wformat=2 -Warray-bounds=2 -ftree-vrp -Wduplicated-cond -Wnull-dereference -fdelete-null-pointer-checks -Wshift-negative-value -Wshift-overflow=2 -Walloc-zero -Wduplicated-branches -Wformat-overflow=2 -Wformat-truncation=1 -Wrestrict -Warith-conversion -Wdouble-promotion -Wenum-conversion -Wunused-const-variable -DHAVE_GETHOSTBYNAME_R_3_REENTRANT  -DHAVE_INTTYPES_H -DHAVE_SYS_FILIO_H -DHAVE_SYS_WAIT_H -DHAVE_SYS_IOCTL_H -DHAVE_SYS_PARAM_H -DHAVE_SYS_POLL_H -DHAVE_SYS_RESOURCE_H -DHAVE_SYS_SELECT_H -DHAVE_SYS_SOCKET_H -DHAVE_SYS_SOCKIO_H -DHAVE_SYS_STAT_H -DHAVE_SYS_TIME_H -DHAVE_SYS_TYPES_H -DHAVE_SYS_UN_H -DHAVE_SYS_XATTR_H -DHAVE_ARPA_INET_H -DHAVE_FCNTL_H -DHAVE_IDN2_H -DHAVE_IFADDRS_H -DHAVE_LIBGEN_H -DHAVE_LOCALE_H -DHAVE_NET_IF_H -DHAVE_NETDB_H -DHAVE_NETINET_IN_H -DHAVE_NETINET_TCP_H -DHAVE_NETINET_UDP_H -DHAVE_POLL_H -DHAVE_PWD_H -DHAVE_STDATOMIC_H -DHAVE_STDBOOL_H -DHAVE_STDINT_H -DHAVE_STRINGS_H -DHAVE_TERMIOS_H -DHAVE_UNISTD_H -DHAVE_UTIME_H -arch arm64 -isysroot /Library/Developer/CommandLineTools/SDKs/MacOSX14.4.sdk -mmacosx-version-min=14.3 -o CMakeFiles/cmTC_1d64a.dir/CurlTests.c.o -c "/Users/ramanlamba/Desktop/deribit/oems/out/build/GCC 14.2.0 aarch64-apple-darwin23/_deps/curl-src/CMake/CurlTests.c"
/Users/ramanlamba/Desktop/deribit/oems/out/build/GCC 14.2.0 aarch64-apple-darwin23/_deps/curl-src/CMake/CurlTests.c: In function 'main':
/Users/ramanlamba/Desktop/deribit/oems/out/build/GCC 14.2.0 aarch64-apple-darwin23/_deps/curl-src/CMake/CurlTests.c:75:19: warning: initialization discards 'const' qualifier from pointer target type [-Wdiscarded-qualifiers]
   75 |   char *address = "example.com";
      |                   ^~~~~~~~~~~~~
/Users/ramanlamba/Desktop/deribit/oems/out/build/GCC 14.2.0 aarch64-apple-darwin23/_deps/curl-src/CMake/CurlTests.c:82:23: error: storage size of 'hdata' isn't known
   82 |   struct hostent_data hdata;
      |                       ^~~~~
/Users/ramanlamba/Desktop/deribit/oems/out/build/GCC 14.2.0 aarch64-apple-darwin23/_deps/curl-src/CMake/CurlTests.c:94:8: error: implicit declaration of function 'gethostbyname_r'; did you mean 'gethostbyname2'? [-Wimplicit-function-declaration]
   94 |   rc = gethostbyname_r(address, &h, &hdata);
      |        ^~~~~~~~~~~~~~~
      |        gethostbyname2
/Users/ramanlamba/Desktop/deribit/oems/out/build/GCC 14.2.0 aarch64-apple-darwin23/_deps/curl-src/CMake/CurlTests.c:94:8: warning: nested extern declaration of 'gethostbyname_r' [-Wnested-externs]
/Users/ramanlamba/Desktop/deribit/oems/out/build/GCC 14.2.0 aarch64-apple-darwin23/_deps/curl-src/CMake/CurlTests.c:82:23: warning: unused variable 'hdata' [-Wunused-variable]
   82 |   struct hostent_data hdata;
      |                       ^~~~~
make[1]: *** [CMakeFiles/cmTC_1d64a.dir/CurlTests.c.o] Error 1
make: *** [cmTC_1d64a/fast] Error 2


Performing Curl Test HAVE_GETHOSTBYNAME_R_5_REENTRANT failed with the following output:
Change Dir: /Users/ramanlamba/Desktop/deribit/oems/out/build/GCC 14.2.0 aarch64-apple-darwin23/CMakeFiles/CMakeTmp

Run Build Command(s):/Users/ramanlamba/micromamba/lib/python3.9/site-packages/cmake/data/bin/cmake -E env VERBOSE=1 /usr/bin/make -f Makefile cmTC_39518/fast && /Library/Developer/CommandLineTools/usr/bin/make  -f CMakeFiles/cmTC_39518.dir/build.make CMakeFiles/cmTC_39518.dir/build
Building C object CMakeFiles/cmTC_39518.dir/CurlTests.c.o
/opt/homebrew/bin/aarch64-apple-darwin23-gcc-14   -W -Wall -pedantic -Wbad-function-cast -Wconversion -Winline -Wmissing-declarations -Wmissing-prototypes -Wnested-externs -Wno-long-long -Wno-multichar -Wpointer-arith -Wshadow -Wsign-compare -Wundef -Wunused -Wwrite-strings -Wcast-align -Wdeclaration-after-statement -Wempty-body -Wendif-labels -Wfloat-equal -Wignored-qualifiers -Wno-format-nonliteral -Wno-sign-conversion -Wno-system-headers -Wstrict-prototypes -Wtype-limits -Wvla -Wmissing-parameter-type -Wold-style-declaration -Wstrict-aliasing=3 -Wformat=2 -Warray-bounds=2 -ftree-vrp -Wduplicated-cond -Wnull-dereference -fdelete-null-pointer-checks -Wshift-negative-value -Wshift-overflow=2 -Walloc-zero -Wduplicated-branches -Wformat-overflow=2 -Wformat-truncation=1 -Wrestrict -Warith-conversion -Wdouble-promotion -Wenum-conversion -Wunused-const-variable -DHAVE_GETHOSTBYNAME_R_5_REENTRANT  -DHAVE_INTTYPES_H -DHAVE_SYS_FILIO_H -DHAVE_SYS_WAIT_H -DHAVE_SYS_IOCTL_H -DHAVE_SYS_PARAM_H -DHAVE_SYS_POLL_H -DHAVE_SYS_RESOURCE_H -DHAVE_SYS_SELECT_H -DHAVE_SYS_SOCKET_H -DHAVE_SYS_SOCKIO_H -DHAVE_SYS_STAT_H -DHAVE_SYS_TIME_H -DHAVE_SYS_TYPES_H -DHAVE_SYS_UN_H -DHAVE_SYS_XATTR_H -DHAVE_ARPA_INET_H -DHAVE_FCNTL_H -DHAVE_IDN2_H -DHAVE_IFADDRS_H -DHAVE_LIBGEN_H -DHAVE_LOCALE_H -DHAVE_NET_IF_H -DHAVE_NETDB_H -DHAVE_NETINET_IN_H -DHAVE_NETINET_TCP_H -DHAVE_NETINET_UDP_H -DHAVE_POLL_H -DHAVE_PWD_H -DHAVE_STDATOMIC_H -DHAVE_STDBOOL_H -DHAVE_STDINT_H -DHAVE_STRINGS_H -DHAVE_TERMIOS_H -DHAVE_UNISTD_H -DHAVE_UTIME_H -arch arm64 -isysroot /Library/Developer/CommandLineTools/SDKs/MacOSX14.4.sdk -mmacosx-version-min=14.3 -o CMakeFiles/cmTC_39518.dir/CurlTests.c.o -c "/Users/ramanlamba/Desktop/deribit/oems/out/build/GCC 14.2.0 aarch64-apple-darwin23/_deps/curl-src/CMake/CurlTests.c"
/Users/ramanlamba/Desktop/deribit/oems/out/build/GCC 14.2.0 aarch64-apple-darwin23/_deps/curl-src/CMake/CurlTests.c: In function 'main':
/Users/ramanlamba/Desktop/deribit/oems/out/build/GCC 14.2.0 aarch64-apple-darwin23/_deps/curl-src/CMake/CurlTests.c:75:19: warning: initialization discards 'const' qualifier from pointer target type [-Wdiscarded-qualifiers]
   75 |   char *address = "example.com";
      |                   ^~~~~~~~~~~~~
/Users/ramanlamba/Desktop/deribit/oems/out/build/GCC 14.2.0 aarch64-apple-darwin23/_deps/curl-src/CMake/CurlTests.c:97:8: error: implicit declaration of function 'gethostbyname_r'; did you mean 'gethostbyname2'? [-Wimplicit-function-declaration]
   97 |   rc = gethostbyname_r(address, &h, buffer, 8192, &h_errnop);
      |        ^~~~~~~~~~~~~~~
      |        gethostbyname2
/Users/ramanlamba/Desktop/deribit/oems/out/build/GCC 14.2.0 aarch64-apple-darwin23/_deps/curl-src/CMake/CurlTests.c:97:8: warning: nested extern declaration of 'gethostbyname_r' [-Wnested-externs]
make[1]: *** [CMakeFiles/cmTC_39518.dir/CurlTests.c.o] Error 1
make: *** [cmTC_39518/fast] Error 2


Performing Curl Test HAVE_GETHOSTBYNAME_R_6_REENTRANT failed with the following output:
Change Dir: /Users/ramanlamba/Desktop/deribit/oems/out/build/GCC 14.2.0 aarch64-apple-darwin23/CMakeFiles/CMakeTmp

Run Build Command(s):/Users/ramanlamba/micromamba/lib/python3.9/site-packages/cmake/data/bin/cmake -E env VERBOSE=1 /usr/bin/make -f Makefile cmTC_15544/fast && /Library/Developer/CommandLineTools/usr/bin/make  -f CMakeFiles/cmTC_15544.dir/build.make CMakeFiles/cmTC_15544.dir/build
Building C object CMakeFiles/cmTC_15544.dir/CurlTests.c.o
/opt/homebrew/bin/aarch64-apple-darwin23-gcc-14   -W -Wall -pedantic -Wbad-function-cast -Wconversion -Winline -Wmissing-declarations -Wmissing-prototypes -Wnested-externs -Wno-long-long -Wno-multichar -Wpointer-arith -Wshadow -Wsign-compare -Wundef -Wunused -Wwrite-strings -Wcast-align -Wdeclaration-after-statement -Wempty-body -Wendif-labels -Wfloat-equal -Wignored-qualifiers -Wno-format-nonliteral -Wno-sign-conversion -Wno-system-headers -Wstrict-prototypes -Wtype-limits -Wvla -Wmissing-parameter-type -Wold-style-declaration -Wstrict-aliasing=3 -Wformat=2 -Warray-bounds=2 -ftree-vrp -Wduplicated-cond -Wnull-dereference -fdelete-null-pointer-checks -Wshift-negative-value -Wshift-overflow=2 -Walloc-zero -Wduplicated-branches -Wformat-overflow=2 -Wformat-truncation=1 -Wrestrict -Warith-conversion -Wdouble-promotion -Wenum-conversion -Wunused-const-variable -DHAVE_GETHOSTBYNAME_R_6_REENTRANT  -DHAVE_INTTYPES_H -DHAVE_SYS_FILIO_H -DHAVE_SYS_WAIT_H -DHAVE_SYS_IOCTL_H -DHAVE_SYS_PARAM_H -DHAVE_SYS_POLL_H -DHAVE_SYS_RESOURCE_H -DHAVE_SYS_SELECT_H -DHAVE_SYS_SOCKET_H -DHAVE_SYS_SOCKIO_H -DHAVE_SYS_STAT_H -DHAVE_SYS_TIME_H -DHAVE_SYS_TYPES_H -DHAVE_SYS_UN_H -DHAVE_SYS_XATTR_H -DHAVE_ARPA_INET_H -DHAVE_FCNTL_H -DHAVE_IDN2_H -DHAVE_IFADDRS_H -DHAVE_LIBGEN_H -DHAVE_LOCALE_H -DHAVE_NET_IF_H -DHAVE_NETDB_H -DHAVE_NETINET_IN_H -DHAVE_NETINET_TCP_H -DHAVE_NETINET_UDP_H -DHAVE_POLL_H -DHAVE_PWD_H -DHAVE_STDATOMIC_H -DHAVE_STDBOOL_H -DHAVE_STDINT_H -DHAVE_STRINGS_H -DHAVE_TERMIOS_H -DHAVE_UNISTD_H -DHAVE_UTIME_H -arch arm64 -isysroot /Library/Developer/CommandLineTools/SDKs/MacOSX14.4.sdk -mmacosx-version-min=14.3 -o CMakeFiles/cmTC_15544.dir/CurlTests.c.o -c "/Users/ramanlamba/Desktop/deribit/oems/out/build/GCC 14.2.0 aarch64-apple-darwin23/_deps/curl-src/CMake/CurlTests.c"
/Users/ramanlamba/Desktop/deribit/oems/out/build/GCC 14.2.0 aarch64-apple-darwin23/_deps/curl-src/CMake/CurlTests.c: In function 'main':
/Users/ramanlamba/Desktop/deribit/oems/out/build/GCC 14.2.0 aarch64-apple-darwin23/_deps/curl-src/CMake/CurlTests.c:75:19: warning: initialization discards 'const' qualifier from pointer target type [-Wdiscarded-qualifiers]
   75 |   char *address = "example.com";
      |                   ^~~~~~~~~~~~~
/Users/ramanlamba/Desktop/deribit/oems/out/build/GCC 14.2.0 aarch64-apple-darwin23/_deps/curl-src/CMake/CurlTests.c:101:8: error: implicit declaration of function 'gethostbyname_r'; did you mean 'gethostbyname2'? [-Wimplicit-function-declaration]
  101 |   rc = gethostbyname_r(address, &h, buffer, 8192, &hp, &h_errnop);
      |        ^~~~~~~~~~~~~~~
      |        gethostbyname2
/Users/ramanlamba/Desktop/deribit/oems/out/build/GCC 14.2.0 aarch64-apple-darwin23/_deps/curl-src/CMake/CurlTests.c:101:8: warning: nested extern declaration of 'gethostbyname_r' [-Wnested-externs]
make[1]: *** [CMakeFiles/cmTC_15544.dir/CurlTests.c.o] Error 1
make: *** [cmTC_15544/fast] Error 2


Performing Curl Test HAVE_GLIBC_STRERROR_R failed with the following output:
Change Dir: /Users/ramanlamba/Desktop/deribit/oems/out/build/GCC 14.2.0 aarch64-apple-darwin23/CMakeFiles/CMakeTmp

Run Build Command(s):/Users/ramanlamba/micromamba/lib/python3.9/site-packages/cmake/data/bin/cmake -E env VERBOSE=1 /usr/bin/make -f Makefile cmTC_45d17/fast && /Library/Developer/CommandLineTools/usr/bin/make  -f CMakeFiles/cmTC_45d17.dir/build.make CMakeFiles/cmTC_45d17.dir/build
Building C object CMakeFiles/cmTC_45d17.dir/CurlTests.c.o
/opt/homebrew/bin/aarch64-apple-darwin23-gcc-14   -W -Wall -pedantic -Wbad-function-cast -Wconversion -Winline -Wmissing-declarations -Wmissing-prototypes -Wnested-externs -Wno-long-long -Wno-multichar -Wpointer-arith -Wshadow -Wsign-compare -Wundef -Wunused -Wwrite-strings -Wcast-align -Wdeclaration-after-statement -Wempty-body -Wendif-labels -Wfloat-equal -Wignored-qualifiers -Wno-format-nonliteral -Wno-sign-conversion -Wno-system-headers -Wstrict-prototypes -Wtype-limits -Wvla -Wmissing-parameter-type -Wold-style-declaration -Wstrict-aliasing=3 -Wformat=2 -Warray-bounds=2 -ftree-vrp -Wduplicated-cond -Wnull-dereference -fdelete-null-pointer-checks -Wshift-negative-value -Wshift-overflow=2 -Walloc-zero -Wduplicated-branches -Wformat-overflow=2 -Wformat-truncation=1 -Wrestrict -Warith-conversion -Wdouble-promotion -Wenum-conversion -Wunused-const-variable -DHAVE_GLIBC_STRERROR_R  -DHAVE_INTTYPES_H -DHAVE_SYS_FILIO_H -DHAVE_SYS_WAIT_H -DHAVE_SYS_IOCTL_H -DHAVE_SYS_PARAM_H -DHAVE_SYS_POLL_H -DHAVE_SYS_RESOURCE_H -DHAVE_SYS_SELECT_H -DHAVE_SYS_SOCKET_H -DHAVE_SYS_SOCKIO_H -DHAVE_SYS_STAT_H -DHAVE_SYS_TIME_H -DHAVE_SYS_TYPES_H -DHAVE_SYS_UN_H -DHAVE_SYS_XATTR_H -DHAVE_ARPA_INET_H -DHAVE_FCNTL_H -DHAVE_IDN2_H -DHAVE_IFADDRS_H -DHAVE_LIBGEN_H -DHAVE_LOCALE_H -DHAVE_NET_IF_H -DHAVE_NETDB_H -DHAVE_NETINET_IN_H -DHAVE_NETINET_TCP_H -DHAVE_NETINET_UDP_H -DHAVE_POLL_H -DHAVE_PWD_H -DHAVE_STDATOMIC_H -DHAVE_STDBOOL_H -DHAVE_STDINT_H -DHAVE_STRINGS_H -DHAVE_TERMIOS_H -DHAVE_UNISTD_H -DHAVE_UTIME_H -arch arm64 -isysroot /Library/Developer/CommandLineTools/SDKs/MacOSX14.4.sdk -mmacosx-version-min=14.3 -o CMakeFiles/cmTC_45d17.dir/CurlTests.c.o -c "/Users/ramanlamba/Desktop/deribit/oems/out/build/GCC 14.2.0 aarch64-apple-darwin23/_deps/curl-src/CMake/CurlTests.c"
/Users/ramanlamba/Desktop/deribit/oems/out/build/GCC 14.2.0 aarch64-apple-darwin23/_deps/curl-src/CMake/CurlTests.c:377:6: warning: no previous prototype for 'check' [-Wmissing-prototypes]
  377 | void check(char c) {}
      |      ^~~~~
/Users/ramanlamba/Desktop/deribit/oems/out/build/GCC 14.2.0 aarch64-apple-darwin23/_deps/curl-src/CMake/CurlTests.c: In function 'check':
/Users/ramanlamba/Desktop/deribit/oems/out/build/GCC 14.2.0 aarch64-apple-darwin23/_deps/curl-src/CMake/CurlTests.c:377:17: warning: unused parameter 'c' [-Wunused-parameter]
  377 | void check(char c) {}
      |            ~~~~~^
/Users/ramanlamba/Desktop/deribit/oems/out/build/GCC 14.2.0 aarch64-apple-darwin23/_deps/curl-src/CMake/CurlTests.c: At top level:
/Users/ramanlamba/Desktop/deribit/oems/out/build/GCC 14.2.0 aarch64-apple-darwin23/_deps/curl-src/CMake/CurlTests.c:380:1: warning: function declaration isn't a prototype [-Wstrict-prototypes]
  380 | main () {
      | ^~~~
/Users/ramanlamba/Desktop/deribit/oems/out/build/GCC 14.2.0 aarch64-apple-darwin23/_deps/curl-src/CMake/CurlTests.c: In function 'main':
/Users/ramanlamba/Desktop/deribit/oems/out/build/GCC 14.2.0 aarch64-apple-darwin23/_deps/curl-src/CMake/CurlTests.c:383:51: error: subscripted value is neither array nor pointer nor vector
  383 |   check(strerror_r(EACCES, buffer, sizeof(buffer))[0]);
      |                                                   ^
make[1]: *** [CMakeFiles/cmTC_45d17.dir/CurlTests.c.o] Error 1
make: *** [cmTC_45d17/fast] Error 2


Performing Curl Test HAVE_BUILTIN_AVAILABLE failed with the following output:
Change Dir: /Users/ramanlamba/Desktop/deribit/oems/out/build/GCC 14.2.0 aarch64-apple-darwin23/CMakeFiles/CMakeTmp

Run Build Command(s):/Users/ramanlamba/micromamba/lib/python3.9/site-packages/cmake/data/bin/cmake -E env VERBOSE=1 /usr/bin/make -f Makefile cmTC_18f82/fast && /Library/Developer/CommandLineTools/usr/bin/make  -f CMakeFiles/cmTC_18f82.dir/build.make CMakeFiles/cmTC_18f82.dir/build
Building C object CMakeFiles/cmTC_18f82.dir/CurlTests.c.o
/opt/homebrew/bin/aarch64-apple-darwin23-gcc-14   -W -Wall -pedantic -Wbad-function-cast -Wconversion -Winline -Wmissing-declarations -Wmissing-prototypes -Wnested-externs -Wno-long-long -Wno-multichar -Wpointer-arith -Wshadow -Wsign-compare -Wundef -Wunused -Wwrite-strings -Wcast-align -Wdeclaration-after-statement -Wempty-body -Wendif-labels -Wfloat-equal -Wignored-qualifiers -Wno-format-nonliteral -Wno-sign-conversion -Wno-system-headers -Wstrict-prototypes -Wtype-limits -Wvla -Wmissing-parameter-type -Wold-style-declaration -Wstrict-aliasing=3 -Wformat=2 -Warray-bounds=2 -ftree-vrp -Wduplicated-cond -Wnull-dereference -fdelete-null-pointer-checks -Wshift-negative-value -Wshift-overflow=2 -Walloc-zero -Wduplicated-branches -Wformat-overflow=2 -Wformat-truncation=1 -Wrestrict -Warith-conversion -Wdouble-promotion -Wenum-conversion -Wunused-const-variable -DHAVE_BUILTIN_AVAILABLE  -DHAVE_INTTYPES_H -DHAVE_SYS_FILIO_H -DHAVE_SYS_WAIT_H -DHAVE_SYS_IOCTL_H -DHAVE_SYS_PARAM_H -DHAVE_SYS_POLL_H -DHAVE_SYS_RESOURCE_H -DHAVE_SYS_SELECT_H -DHAVE_SYS_SOCKET_H -DHAVE_SYS_SOCKIO_H -DHAVE_SYS_STAT_H -DHAVE_SYS_TIME_H -DHAVE_SYS_TYPES_H -DHAVE_SYS_UN_H -DHAVE_SYS_XATTR_H -DHAVE_ARPA_INET_H -DHAVE_FCNTL_H -DHAVE_IDN2_H -DHAVE_IFADDRS_H -DHAVE_LIBGEN_H -DHAVE_LOCALE_H -DHAVE_NET_IF_H -DHAVE_NETDB_H -DHAVE_NETINET_IN_H -DHAVE_NETINET_TCP_H -DHAVE_NETINET_UDP_H -DHAVE_POLL_H -DHAVE_PWD_H -DHAVE_STDATOMIC_H -DHAVE_STDBOOL_H -DHAVE_STDINT_H -DHAVE_STRINGS_H -DHAVE_TERMIOS_H -DHAVE_UNISTD_H -DHAVE_UTIME_H -arch arm64 -isysroot /Library/Developer/CommandLineTools/SDKs/MacOSX14.4.sdk -mmacosx-version-min=14.3 -o CMakeFiles/cmTC_18f82.dir/CurlTests.c.o -c "/Users/ramanlamba/Desktop/deribit/oems/out/build/GCC 14.2.0 aarch64-apple-darwin23/_deps/curl-src/CMake/CurlTests.c"
/Users/ramanlamba/Desktop/deribit/oems/out/build/GCC 14.2.0 aarch64-apple-darwin23/_deps/curl-src/CMake/CurlTests.c:429:1: warning: function declaration isn't a prototype [-Wstrict-prototypes]
  429 | main() {
      | ^~~~
/Users/ramanlamba/Desktop/deribit/oems/out/build/GCC 14.2.0 aarch64-apple-darwin23/_deps/curl-src/CMake/CurlTests.c: In function 'main':
/Users/ramanlamba/Desktop/deribit/oems/out/build/GCC 14.2.0 aarch64-apple-darwin23/_deps/curl-src/CMake/CurlTests.c:430:6: error: implicit declaration of function '__builtin_available'; did you mean '__builtin_scalbl'? [-Wimplicit-function-declaration]
  430 |   if(__builtin_available(macOS 10.12, *)) {}
      |      ^~~~~~~~~~~~~~~~~~~
      |      __builtin_scalbl
/Users/ramanlamba/Desktop/deribit/oems/out/build/GCC 14.2.0 aarch64-apple-darwin23/_deps/curl-src/CMake/CurlTests.c:430:6: warning: nested extern declaration of '__builtin_available' [-Wnested-externs]
/Users/ramanlamba/Desktop/deribit/oems/out/build/GCC 14.2.0 aarch64-apple-darwin23/_deps/curl-src/CMake/CurlTests.c:430:26: error: 'macOS' undeclared (first use in this function)
  430 |   if(__builtin_available(macOS 10.12, *)) {}
      |                          ^~~~~
/Users/ramanlamba/Desktop/deribit/oems/out/build/GCC 14.2.0 aarch64-apple-darwin23/_deps/curl-src/CMake/CurlTests.c:430:26: note: each undeclared identifier is reported only once for each function it appears in
/Users/ramanlamba/Desktop/deribit/oems/out/build/GCC 14.2.0 aarch64-apple-darwin23/_deps/curl-src/CMake/CurlTests.c:430:31: error: expected ')' before numeric constant
  430 |   if(__builtin_available(macOS 10.12, *)) {}
      |                         ~     ^~~~~~
      |                               )
make[1]: *** [CMakeFiles/cmTC_18f82.dir/CurlTests.c.o] Error 1
make: *** [cmTC_18f82/fast] Error 2


